Using pre-set license
Built from '2022.3/staging' branch; Version is '2022.3.11f1 (d00248457e15) revision 13632072'; Using compiler version '192829333'; Build Type 'Release'
OS: 'Windows 10  (10.0.19042) 64bit Professional' Language: 'en' Physical Memory: 16286 MB
BatchMode: 1, IsHumanControllingUs: 0, StartBugReporterOnCrash: 0, Is64bit: 1, IsPro: 1

COMMAND LINE ARGUMENTS:
C:\Program Files\Unity 2022.3.11f1\Editor\Unity.exe
-adb2
-batchMode
-noUpm
-name
AssetImportWorker4
-projectPath
C:/Users/user/Desktop/LUNE/Pixel-Horror-GameJam-main
-logFile
Logs/AssetImportWorker4.log
-srvPort
52269
Successfully changed project path to: C:/Users/user/Desktop/LUNE/Pixel-Horror-GameJam-main
C:/Users/user/Desktop/LUNE/Pixel-Horror-GameJam-main
[UnityMemory] Configuration Parameters - Can be set up in boot.config
    "memorysetup-bucket-allocator-granularity=16"
    "memorysetup-bucket-allocator-bucket-count=8"
    "memorysetup-bucket-allocator-block-size=33554432"
    "memorysetup-bucket-allocator-block-count=8"
    "memorysetup-main-allocator-block-size=16777216"
    "memorysetup-thread-allocator-block-size=16777216"
    "memorysetup-gfx-main-allocator-block-size=16777216"
    "memorysetup-gfx-thread-allocator-block-size=16777216"
    "memorysetup-cache-allocator-block-size=4194304"
    "memorysetup-typetree-allocator-block-size=2097152"
    "memorysetup-profiler-bucket-allocator-granularity=16"
    "memorysetup-profiler-bucket-allocator-bucket-count=8"
    "memorysetup-profiler-bucket-allocator-block-size=33554432"
    "memorysetup-profiler-bucket-allocator-block-count=8"
    "memorysetup-profiler-allocator-block-size=16777216"
    "memorysetup-profiler-editor-allocator-block-size=1048576"
    "memorysetup-temp-allocator-size-main=16777216"
    "memorysetup-job-temp-allocator-block-size=2097152"
    "memorysetup-job-temp-allocator-block-size-background=1048576"
    "memorysetup-job-temp-allocator-reduction-small-platforms=262144"
    "memorysetup-allocator-temp-initial-block-size-main=262144"
    "memorysetup-allocator-temp-initial-block-size-worker=262144"
    "memorysetup-temp-allocator-size-background-worker=32768"
    "memorysetup-temp-allocator-size-job-worker=262144"
    "memorysetup-temp-allocator-size-preload-manager=33554432"
    "memorysetup-temp-allocator-size-nav-mesh-worker=65536"
    "memorysetup-temp-allocator-size-audio-worker=65536"
    "memorysetup-temp-allocator-size-cloud-worker=32768"
    "memorysetup-temp-allocator-size-gi-baking-worker=262144"
    "memorysetup-temp-allocator-size-gfx=262144"
Player connection [21316] Host "[IP] 192.168.1.61 [Port] 0 [Flags] 2 [Guid] 4103062116 [EditorId] 4103062116 [Version] 1048832 [Id] WindowsEditor(7,WINDOWS-PC) [Debug] 1 [PackageName] WindowsEditor [ProjectName] Editor" joined multi-casting on [225.0.0.222:54997]...

Player connection [21316] Host "[IP] 192.168.1.61 [Port] 0 [Flags] 2 [Guid] 4103062116 [EditorId] 4103062116 [Version] 1048832 [Id] WindowsEditor(7,WINDOWS-PC) [Debug] 1 [PackageName] WindowsEditor [ProjectName] Editor" joined alternative multi-casting on [225.0.0.222:34997]...

[Physics::Module] Initialized MultithreadedJobDispatcher with 23 workers.
Refreshing native plugins compatible for Editor in 7.76 ms, found 4 plugins.
Preloading 0 native plugins for Editor in 0.00 ms.
Initialize engine version: 2022.3.11f1 (d00248457e15)
[Subsystems] Discovering subsystems at path C:/Program Files/Unity 2022.3.11f1/Editor/Data/Resources/UnitySubsystems
[Subsystems] Discovering subsystems at path C:/Users/user/Desktop/LUNE/Pixel-Horror-GameJam-main/Assets
GfxDevice: creating device client; threaded=0; jobified=0
Direct3D:
    Version:  Direct3D 11.0 [level 11.1]
    Renderer: NVIDIA GeForce GTX 1650 (ID=0x1f82)
    Vendor:   NVIDIA
    VRAM:     3935 MB
    Driver:   31.0.15.5212
Initialize mono
Mono path[0] = 'C:/Program Files/Unity 2022.3.11f1/Editor/Data/Managed'
Mono path[1] = 'C:/Program Files/Unity 2022.3.11f1/Editor/Data/MonoBleedingEdge/lib/mono/unityjit-win32'
Mono config path = 'C:/Program Files/Unity 2022.3.11f1/Editor/Data/MonoBleedingEdge/etc'
Using monoOptions --debugger-agent=transport=dt_socket,embedding=1,server=y,suspend=n,address=127.0.0.1:56116
Begin MonoManager ReloadAssembly
Registering precompiled unity dll's ...
Register platform support module: C:/Program Files/Unity 2022.3.11f1/Editor/Data/PlaybackEngines/WindowsStandaloneSupport/UnityEditor.WindowsStandalone.Extensions.dll
Registered in 0.004305 seconds.
- Loaded All Assemblies, in  0.234 seconds
Native extension for WindowsStandalone target not found
Mono: successfully reloaded assembly
- Finished resetting the current domain, in  0.178 seconds
Domain Reload Profiling: 411ms
	BeginReloadAssembly (77ms)
		ExecutionOrderSort (0ms)
		DisableScriptedObjects (0ms)
		BackupInstance (0ms)
		ReleaseScriptingObjects (0ms)
		CreateAndSetChildDomain (1ms)
	RebuildCommonClasses (23ms)
	RebuildNativeTypeToScriptingClass (7ms)
	initialDomainReloadingComplete (40ms)
	LoadAllAssembliesAndSetupDomain (85ms)
		LoadAssemblies (76ms)
		RebuildTransferFunctionScriptingTraits (0ms)
		AnalyzeDomain (84ms)
			TypeCache.Refresh (83ms)
				TypeCache.ScanAssembly (75ms)
			ScanForSourceGeneratedMonoScriptInfo (0ms)
			ResolveRequiredComponents (0ms)
	FinalizeReload (178ms)
		ReleaseScriptCaches (0ms)
		RebuildScriptCaches (0ms)
		SetupLoadedEditorAssemblies (138ms)
			LogAssemblyErrors (0ms)
			InitializePlatformSupportModulesInManaged (6ms)
			SetLoadedEditorAssemblies (5ms)
			RefreshPlugins (0ms)
			BeforeProcessingInitializeOnLoad (2ms)
			ProcessInitializeOnLoadAttributes (92ms)
			ProcessInitializeOnLoadMethodAttributes (34ms)
			AfterProcessingInitializeOnLoad (0ms)
			EditorAssembliesLoaded (0ms)
		ExecutionOrderSort2 (0ms)
		AwakeInstancesAfterBackupRestoration (0ms)
========================================================================
Worker process is ready to serve import requests
Begin MonoManager ReloadAssembly
- Loaded All Assemblies, in  0.428 seconds
Refreshing native plugins compatible for Editor in 2.73 ms, found 4 plugins.
Native extension for WindowsStandalone target not found
Package Manager log level set to [2]
[Package Manager] Server::EnsureServerProcessIsRunning -- launch failed, reason: Unity was launched with the -noUpm command-line argument
[Package Manager] UpmClient::Send -- Unable to send message (not connected to UPM process).
[Package Manager] Cannot connect to Unity Package Manager local server
Mono: successfully reloaded assembly
- Finished resetting the current domain, in  0.483 seconds
Domain Reload Profiling: 909ms
	BeginReloadAssembly (101ms)
		ExecutionOrderSort (0ms)
		DisableScriptedObjects (4ms)
		BackupInstance (0ms)
		ReleaseScriptingObjects (0ms)
		CreateAndSetChildDomain (17ms)
	RebuildCommonClasses (21ms)
	RebuildNativeTypeToScriptingClass (7ms)
	initialDomainReloadingComplete (28ms)
	LoadAllAssembliesAndSetupDomain (268ms)
		LoadAssemblies (208ms)
		RebuildTransferFunctionScriptingTraits (0ms)
		AnalyzeDomain (116ms)
			TypeCache.Refresh (97ms)
				TypeCache.ScanAssembly (86ms)
			ScanForSourceGeneratedMonoScriptInfo (14ms)
			ResolveRequiredComponents (3ms)
	FinalizeReload (483ms)
		ReleaseScriptCaches (0ms)
		RebuildScriptCaches (0ms)
		SetupLoadedEditorAssemblies (382ms)
			LogAssemblyErrors (0ms)
			InitializePlatformSupportModulesInManaged (3ms)
			SetLoadedEditorAssemblies (2ms)
			RefreshPlugins (0ms)
			BeforeProcessingInitializeOnLoad (49ms)
			ProcessInitializeOnLoadAttributes (298ms)
			ProcessInitializeOnLoadMethodAttributes (24ms)
			AfterProcessingInitializeOnLoad (4ms)
			EditorAssembliesLoaded (0ms)
		ExecutionOrderSort2 (0ms)
		AwakeInstancesAfterBackupRestoration (5ms)
Launched and connected shader compiler UnityShaderCompiler.exe after 0.03 seconds
Refreshing native plugins compatible for Editor in 2.67 ms, found 4 plugins.
Preloading 0 native plugins for Editor in 0.00 ms.
Unloading 4478 Unused Serialized files (Serialized files now loaded: 0)
Unloading 76 unused Assets / (216.2 KB). Loaded Objects now: 4938.
Memory consumption went from 156.5 MB to 156.2 MB.
Total: 2.959100 ms (FindLiveObjects: 0.252100 ms CreateObjectMapping: 0.096900 ms MarkObjects: 2.440900 ms  DeleteObjects: 0.168700 ms)

AssetImportParameters requested are different than current active one (requested -> active):
  custom:container-demuxer-ogg: 62fdf1f143b41e24485cea50d1cbac27 -> 
  custom:video-decoder-ogg-theora: a1e56fd34408186e4bbccfd4996cb3dc -> 
  custom:framework-win-MediaFoundation: 216162199b28c13a410421893ffa2e32 -> 
  custom:CustomObjectIndexerAttribute: 756ad292c208cfabdd7b50bc23989ffe -> 
  custom:container-demuxer-webm: 4f35f7cbe854078d1ac9338744f61a02 -> 
  custom:container-muxer-webm: aa71ff27fc2769a1b78a27578f13a17b -> 
  custom:video-decoder-webm-vp8: 9c59270c3fd7afecdb556c50c9e8de78 -> 
  custom:SearchIndexIgnoredProperties: e643bd26f0fe6173181afceb89e7c659 -> 
  custom:AudioImporter_EditorPlatform: d09bf68614088b80899f8185d706f6e7 -> 
  custom:video-encoder-webm-vp8: eb34c28f22e8b96e1ab97ce403110664 -> 
  custom:audio-decoder-ogg-vorbis: bf7c407c2cedff20999df2af8eb42d56 -> 
  custom:audio-encoder-webm-vorbis: bf7c407c2cedff20999df2af8eb42d56 -> 
========================================================================
Received Import Request.
  Time since last request: 40170.568079 seconds.
  path: Assets/Fonts/RustyAttackDemo-d9X8l SDF.asset
  artifactKey: Guid(7dea66414094bd544bf0419f05c2aa2f) Importer(815301076,1909f56bfc062723c751e8b465ee728b)
Start importing Assets/Fonts/RustyAttackDemo-d9X8l SDF.asset using Guid(7dea66414094bd544bf0419f05c2aa2f) Importer(815301076,1909f56bfc062723c751e8b465ee728b)  -> (artifact id: '5f66291535b3d8eecc1efb71129297e3') in 0.080089 seconds
Number of updated asset objects reloaded before import = 0
Number of asset objects unloaded after import = 6
========================================================================
Received Import Request.
  Time since last request: 2100.397726 seconds.
  path: Assets/Custom Prefab/Dialogue System.prefab
  artifactKey: Guid(006e9a55ce2e6cb4c9a8f9810b7c5005) Importer(815301076,1909f56bfc062723c751e8b465ee728b)
Start importing Assets/Custom Prefab/Dialogue System.prefab using Guid(006e9a55ce2e6cb4c9a8f9810b7c5005) Importer(815301076,1909f56bfc062723c751e8b465ee728b)  -> (artifact id: '2cd7741437e58442ed3a3868e4af1830') in 0.018459 seconds
Number of updated asset objects reloaded before import = 0
Number of asset objects unloaded after import = 41
========================================================================
Received Import Request.
  Time since last request: 80.861394 seconds.
  path: Assets/Scenes/Menu.unity
  artifactKey: Guid(aee3960936bfcad489be559b197fbceb) Importer(815301076,1909f56bfc062723c751e8b465ee728b)
Start importing Assets/Scenes/Menu.unity using Guid(aee3960936bfcad489be559b197fbceb) Importer(815301076,1909f56bfc062723c751e8b465ee728b)  -> (artifact id: '8bd5e52379377b8238a3de83f11731d4') in 0.000454 seconds
Number of updated asset objects reloaded before import = 0
Number of asset objects unloaded after import = 0
========================================================================
Received Import Request.
  Time since last request: 160.765492 seconds.
  path: Assets/Scenes/Scene2 Exteriror.unity
  artifactKey: Guid(44b4bbc93f6fcf64e9227c96765350a3) Importer(815301076,1909f56bfc062723c751e8b465ee728b)
Start importing Assets/Scenes/Scene2 Exteriror.unity using Guid(44b4bbc93f6fcf64e9227c96765350a3) Importer(815301076,1909f56bfc062723c751e8b465ee728b)  -> (artifact id: '3f22cb021324b30f9f9d936e0884491f') in 0.000386 seconds
Number of updated asset objects reloaded before import = 0
Number of asset objects unloaded after import = 0
========================================================================
Received Import Request.
  Time since last request: 1499.626620 seconds.
  path: Assets/Scripts/Scene3/Scene3LunaMovement.cs
  artifactKey: Guid(c1463a5871e595747b5997252dd35bc9) Importer(815301076,1909f56bfc062723c751e8b465ee728b)
Start importing Assets/Scripts/Scene3/Scene3LunaMovement.cs using Guid(c1463a5871e595747b5997252dd35bc9) Importer(815301076,1909f56bfc062723c751e8b465ee728b)  -> (artifact id: 'ae69dd23a1026ebb2bfb96666bb0c1bb') in 0.000555 seconds
Number of updated asset objects reloaded before import = 0
Number of asset objects unloaded after import = 0
========================================================================
Received Import Request.
  Time since last request: 1021.448995 seconds.
  path: Assets/Art/Tilemaps/Tiles/New Palette.prefab
  artifactKey: Guid(f6817d35b27fa3542b6ee6225b050b13) Importer(815301076,1909f56bfc062723c751e8b465ee728b)
Start importing Assets/Art/Tilemaps/Tiles/New Palette.prefab using Guid(f6817d35b27fa3542b6ee6225b050b13) Importer(815301076,1909f56bfc062723c751e8b465ee728b)  -> (artifact id: '76db9ac1be33d1180c2d4200b26fe29b') in 0.026603 seconds
Number of updated asset objects reloaded before import = 0
Number of asset objects unloaded after import = 10
========================================================================
Received Import Request.
  Time since last request: 7.666463 seconds.
  path: Assets/Art/Tilemaps/Tiles/New Palette.prefab
  artifactKey: Guid(f6817d35b27fa3542b6ee6225b050b13) Importer(815301076,1909f56bfc062723c751e8b465ee728b)
Start importing Assets/Art/Tilemaps/Tiles/New Palette.prefab using Guid(f6817d35b27fa3542b6ee6225b050b13) Importer(815301076,1909f56bfc062723c751e8b465ee728b)  -> (artifact id: 'd5590edb8af410aef58b8c536be13d59') in 0.029506 seconds
Number of updated asset objects reloaded before import = 0
Number of asset objects unloaded after import = 10
========================================================================
Received Import Request.
  Time since last request: 120.257156 seconds.
  path: Assets/Art/Tilemaps/Tiles/wallpaper tileset.png
  artifactKey: Guid(e3132a06762bb3448bf75ed1fc24ba50) Importer(815301076,1909f56bfc062723c751e8b465ee728b)
Start importing Assets/Art/Tilemaps/Tiles/wallpaper tileset.png using Guid(e3132a06762bb3448bf75ed1fc24ba50) Importer(815301076,1909f56bfc062723c751e8b465ee728b)  -> (artifact id: 'f5bb76fa073d4ffc261c739b0fed5355') in 0.024444 seconds
Number of updated asset objects reloaded before import = 0
Number of asset objects unloaded after import = 2
========================================================================
Received Import Request.
  Time since last request: 193.535197 seconds.
  path: Assets/Art/Tilemaps/Tiles/wallpaper tileset.png
  artifactKey: Guid(e3132a06762bb3448bf75ed1fc24ba50) Importer(815301076,1909f56bfc062723c751e8b465ee728b)
Start importing Assets/Art/Tilemaps/Tiles/wallpaper tileset.png using Guid(e3132a06762bb3448bf75ed1fc24ba50) Importer(815301076,1909f56bfc062723c751e8b465ee728b)  -> (artifact id: 'd2e0b7eaffdbd58fa97f0b6b2e26e05c') in 0.025438 seconds
Number of updated asset objects reloaded before import = 0
Number of asset objects unloaded after import = 11
========================================================================
Received Import Request.
  Time since last request: 40.681507 seconds.
  path: Assets/Art/Tilemaps/Tiles/wallpaper tileset.png
  artifactKey: Guid(e3132a06762bb3448bf75ed1fc24ba50) Importer(815301076,1909f56bfc062723c751e8b465ee728b)
Start importing Assets/Art/Tilemaps/Tiles/wallpaper tileset.png using Guid(e3132a06762bb3448bf75ed1fc24ba50) Importer(815301076,1909f56bfc062723c751e8b465ee728b)  -> (artifact id: '0014951f9e3fd49802645a4fd3a7749f') in 0.123840 seconds
Number of updated asset objects reloaded before import = 0
Number of asset objects unloaded after import = 11
========================================================================
Received Import Request.
  Time since last request: 98.505297 seconds.
  path: Assets/Art/Tilemaps/Tiles/wallpaper tileset.png
  artifactKey: Guid(e3132a06762bb3448bf75ed1fc24ba50) Importer(815301076,1909f56bfc062723c751e8b465ee728b)
Start importing Assets/Art/Tilemaps/Tiles/wallpaper tileset.png using Guid(e3132a06762bb3448bf75ed1fc24ba50) Importer(815301076,1909f56bfc062723c751e8b465ee728b)  -> (artifact id: 'ce30b8d87fdb8c1307a9ecc74e60270d') in 0.177234 seconds
Number of updated asset objects reloaded before import = 0
Number of asset objects unloaded after import = 11
========================================================================
Received Import Request.
  Time since last request: 102.800998 seconds.
  path: Assets/Art/Tilemaps/Tiles/wallpaper tileset.png
  artifactKey: Guid(e3132a06762bb3448bf75ed1fc24ba50) Importer(815301076,1909f56bfc062723c751e8b465ee728b)
Start importing Assets/Art/Tilemaps/Tiles/wallpaper tileset.png using Guid(e3132a06762bb3448bf75ed1fc24ba50) Importer(815301076,1909f56bfc062723c751e8b465ee728b)  -> (artifact id: 'f1628e734974708ee1fdf8b8ce9a5eae') in 0.014592 seconds
Number of updated asset objects reloaded before import = 0
Number of asset objects unloaded after import = 11
========================================================================
Received Import Request.
  Time since last request: 58.906092 seconds.
  path: Assets/Art/Tilemaps/Tiles/Wallpaper.prefab
  artifactKey: Guid(5feccbb0e6864ba469cec34351a3282a) Importer(815301076,1909f56bfc062723c751e8b465ee728b)
Start importing Assets/Art/Tilemaps/Tiles/Wallpaper.prefab using Guid(5feccbb0e6864ba469cec34351a3282a) Importer(815301076,1909f56bfc062723c751e8b465ee728b)  -> (artifact id: '3b4c0a1972768aedb524ae6b55df16ab') in 0.005581 seconds
Number of updated asset objects reloaded before import = 0
Number of asset objects unloaded after import = 10
========================================================================
Received Import Request.
  Time since last request: 8.925394 seconds.
  path: Assets/Art/Tilemaps/Tiles/Wallpaper.asset
  artifactKey: Guid(975987ab2b8711b4b8034cd8051ed7a2) Importer(815301076,1909f56bfc062723c751e8b465ee728b)
Start importing Assets/Art/Tilemaps/Tiles/Wallpaper.asset using Guid(975987ab2b8711b4b8034cd8051ed7a2) Importer(815301076,1909f56bfc062723c751e8b465ee728b)  -> (artifact id: 'df7704e86a1e6b58d21c4dab862328f2') in 0.013647 seconds
Number of updated asset objects reloaded before import = 0
Number of asset objects unloaded after import = 3
========================================================================
Received Import Request.
  Time since last request: 0.000012 seconds.
  path: Assets/Art/Tilemaps/Tiles/wallpaper tileset_6.asset
  artifactKey: Guid(88265b2443a2d95489fc3ccef547bfa4) Importer(815301076,1909f56bfc062723c751e8b465ee728b)
Start importing Assets/Art/Tilemaps/Tiles/wallpaper tileset_6.asset using Guid(88265b2443a2d95489fc3ccef547bfa4) Importer(815301076,1909f56bfc062723c751e8b465ee728b)  -> (artifact id: 'd7dc7d2bdbb7d2e42a9d4f2edfa1e568') in 0.034547 seconds
Number of updated asset objects reloaded before import = 0
Number of asset objects unloaded after import = 3
========================================================================
Received Import Request.
  Time since last request: 0.000016 seconds.
  path: Assets/Art/Tilemaps/Tiles/wallpaper tileset_8.asset
  artifactKey: Guid(872964cf662c96c48a5c96cb98db9560) Importer(815301076,1909f56bfc062723c751e8b465ee728b)
Start importing Assets/Art/Tilemaps/Tiles/wallpaper tileset_8.asset using Guid(872964cf662c96c48a5c96cb98db9560) Importer(815301076,1909f56bfc062723c751e8b465ee728b)  -> (artifact id: 'd33cdae98756a7ed5e22518eb97117c0') in 0.003691 seconds
Number of updated asset objects reloaded before import = 0
Number of asset objects unloaded after import = 3
========================================================================
Received Import Request.
  Time since last request: 0.000014 seconds.
  path: Assets/Art/Tilemaps/Tiles/wallpaper tileset_3.asset
  artifactKey: Guid(d965954a79f1b634095b4136f6bdcff9) Importer(815301076,1909f56bfc062723c751e8b465ee728b)
Start importing Assets/Art/Tilemaps/Tiles/wallpaper tileset_3.asset using Guid(d965954a79f1b634095b4136f6bdcff9) Importer(815301076,1909f56bfc062723c751e8b465ee728b)  -> (artifact id: '0654b47f024651b36c64d540d7308484') in 0.003516 seconds
Number of updated asset objects reloaded before import = 0
Number of asset objects unloaded after import = 3
========================================================================
Received Import Request.
  Time since last request: 0.000016 seconds.
  path: Assets/Art/Tilemaps/Tiles/wallpaper tileset_7.asset
  artifactKey: Guid(596a84b5c5eeadc439b37a04edf43dbf) Importer(815301076,1909f56bfc062723c751e8b465ee728b)
Start importing Assets/Art/Tilemaps/Tiles/wallpaper tileset_7.asset using Guid(596a84b5c5eeadc439b37a04edf43dbf) Importer(815301076,1909f56bfc062723c751e8b465ee728b)  -> (artifact id: '426187d03e81fd77c7bad3210d70376a') in 0.003801 seconds
Number of updated asset objects reloaded before import = 0
Number of asset objects unloaded after import = 3
========================================================================
Received Import Request.
  Time since last request: 0.000012 seconds.
  path: Assets/Art/Tilemaps/Tiles/wallpaper tileset_2.asset
  artifactKey: Guid(b4ff516b897f0114e9ad710fce269a98) Importer(815301076,1909f56bfc062723c751e8b465ee728b)
Start importing Assets/Art/Tilemaps/Tiles/wallpaper tileset_2.asset using Guid(b4ff516b897f0114e9ad710fce269a98) Importer(815301076,1909f56bfc062723c751e8b465ee728b)  -> (artifact id: 'f1438ce897788b376ecad6b9ecfca3f7') in 0.004381 seconds
Number of updated asset objects reloaded before import = 0
Number of asset objects unloaded after import = 3
========================================================================
Received Import Request.
  Time since last request: 0.000016 seconds.
  path: Assets/Art/Tilemaps/Tiles/wallpaper tileset_5.asset
  artifactKey: Guid(b71d060468576cf4ba9487708ededa7c) Importer(815301076,1909f56bfc062723c751e8b465ee728b)
Start importing Assets/Art/Tilemaps/Tiles/wallpaper tileset_5.asset using Guid(b71d060468576cf4ba9487708ededa7c) Importer(815301076,1909f56bfc062723c751e8b465ee728b)  -> (artifact id: '05bccb5b49775649154a8ccd26a6b37c') in 0.003511 seconds
Number of updated asset objects reloaded before import = 0
Number of asset objects unloaded after import = 3
========================================================================
Received Import Request.
  Time since last request: 0.000013 seconds.
  path: Assets/Art/Tilemaps/Tiles/wallpaper tileset_1.asset
  artifactKey: Guid(c51e184d485c6a24a9f0a154f410e59c) Importer(815301076,1909f56bfc062723c751e8b465ee728b)
Start importing Assets/Art/Tilemaps/Tiles/wallpaper tileset_1.asset using Guid(c51e184d485c6a24a9f0a154f410e59c) Importer(815301076,1909f56bfc062723c751e8b465ee728b)  -> (artifact id: '8e0ce01e6052afa381a4c8a1b03ac171') in 0.003278 seconds
Number of updated asset objects reloaded before import = 0
Number of asset objects unloaded after import = 3
Editor requested this worker to shutdown with reason: Scaling down because of idle timeout
TcpMessagingSession - receive error: operation aborted. errorcode: 995, details: The I/O operation has been aborted because of either a thread exit or an application request.
AssetImportWorker is now disconnected from the server
Process exiting
Exiting without the bug reporter. Application will terminate with return code 0