Using pre-set license
Built from '2022.3/staging' branch; Version is '2022.3.11f1 (d00248457e15) revision 13632072'; Using compiler version '192829333'; Build Type 'Release'
OS: 'Windows 11  (10.0.22631) 64bit Core' Language: 'en' Physical Memory: 16085 MB
BatchMode: 1, IsHumanControllingUs: 0, StartBugReporterOnCrash: 0, Is64bit: 1, IsPro: 1

COMMAND LINE ARGUMENTS:
C:\Program Files\Unity\Hub\Editor\2022.3.11f1\Editor\Unity.exe
-adb2
-batchMode
-noUpm
-name
AssetImportWorker3
-projectPath
D:/UnityProjects/New folder/Pixel-Horror-GameJam
-logFile
Logs/AssetImportWorker3.log
-srvPort
57800
Successfully changed project path to: D:/UnityProjects/New folder/Pixel-Horror-GameJam
D:/UnityProjects/New folder/Pixel-Horror-GameJam
[UnityMemory] Configuration Parameters - Can be set up in boot.config
    "memorysetup-bucket-allocator-granularity=16"
    "memorysetup-bucket-allocator-bucket-count=8"
    "memorysetup-bucket-allocator-block-size=33554432"
    "memorysetup-bucket-allocator-block-count=8"
    "memorysetup-main-allocator-block-size=16777216"
    "memorysetup-thread-allocator-block-size=16777216"
    "memorysetup-gfx-main-allocator-block-size=16777216"
    "memorysetup-gfx-thread-allocator-block-size=16777216"
    "memorysetup-cache-allocator-block-size=4194304"
    "memorysetup-typetree-allocator-block-size=2097152"
    "memorysetup-profiler-bucket-allocator-granularity=16"
    "memorysetup-profiler-bucket-allocator-bucket-count=8"
    "memorysetup-profiler-bucket-allocator-block-size=33554432"
    "memorysetup-profiler-bucket-allocator-block-count=8"
    "memorysetup-profiler-allocator-block-size=16777216"
    "memorysetup-profiler-editor-allocator-block-size=1048576"
    "memorysetup-temp-allocator-size-main=16777216"
    "memorysetup-job-temp-allocator-block-size=2097152"
    "memorysetup-job-temp-allocator-block-size-background=1048576"
    "memorysetup-job-temp-allocator-reduction-small-platforms=262144"
    "memorysetup-allocator-temp-initial-block-size-main=262144"
    "memorysetup-allocator-temp-initial-block-size-worker=262144"
    "memorysetup-temp-allocator-size-background-worker=32768"
    "memorysetup-temp-allocator-size-job-worker=262144"
    "memorysetup-temp-allocator-size-preload-manager=33554432"
    "memorysetup-temp-allocator-size-nav-mesh-worker=65536"
    "memorysetup-temp-allocator-size-audio-worker=65536"
    "memorysetup-temp-allocator-size-cloud-worker=32768"
    "memorysetup-temp-allocator-size-gi-baking-worker=262144"
    "memorysetup-temp-allocator-size-gfx=262144"
Player connection [31272] Host "[IP] 192.168.1.6 [Port] 0 [Flags] 2 [Guid] 1920745620 [EditorId] 1920745620 [Version] 1048832 [Id] WindowsEditor(7,Ashil) [Debug] 1 [PackageName] WindowsEditor [ProjectName] Editor" joined multi-casting on [225.0.0.222:54997]...

Player connection [31272] Host "[IP] 192.168.1.6 [Port] 0 [Flags] 2 [Guid] 1920745620 [EditorId] 1920745620 [Version] 1048832 [Id] WindowsEditor(7,Ashil) [Debug] 1 [PackageName] WindowsEditor [ProjectName] Editor" joined alternative multi-casting on [225.0.0.222:34997]...

[Physics::Module] Initialized MultithreadedJobDispatcher with 15 workers.
Refreshing native plugins compatible for Editor in 8.75 ms, found 4 plugins.
Preloading 0 native plugins for Editor in 0.00 ms.
Initialize engine version: 2022.3.11f1 (d00248457e15)
[Subsystems] Discovering subsystems at path C:/Program Files/Unity/Hub/Editor/2022.3.11f1/Editor/Data/Resources/UnitySubsystems
[Subsystems] Discovering subsystems at path D:/UnityProjects/New folder/Pixel-Horror-GameJam/Assets
GfxDevice: creating device client; threaded=0; jobified=0
Direct3D:
    Version:  Direct3D 11.0 [level 11.1]
    Renderer: NVIDIA GeForce RTX 3070 Laptop GPU (ID=0x249d)
    Vendor:   NVIDIA
    VRAM:     8033 MB
    Driver:   31.0.15.4584
Initialize mono
Mono path[0] = 'C:/Program Files/Unity/Hub/Editor/2022.3.11f1/Editor/Data/Managed'
Mono path[1] = 'C:/Program Files/Unity/Hub/Editor/2022.3.11f1/Editor/Data/MonoBleedingEdge/lib/mono/unityjit-win32'
Mono config path = 'C:/Program Files/Unity/Hub/Editor/2022.3.11f1/Editor/Data/MonoBleedingEdge/etc'
Using monoOptions --debugger-agent=transport=dt_socket,embedding=1,server=y,suspend=n,address=127.0.0.1:56948
Begin MonoManager ReloadAssembly
Registering precompiled unity dll's ...
Register platform support module: C:/Program Files/Unity/Hub/Editor/2022.3.11f1/Editor/Data/PlaybackEngines/WebGLSupport/UnityEditor.WebGL.Extensions.dll
Register platform support module: C:/Program Files/Unity/Hub/Editor/2022.3.11f1/Editor/Data/PlaybackEngines/WindowsStandaloneSupport/UnityEditor.WindowsStandalone.Extensions.dll
Registered in 0.009391 seconds.
- Loaded All Assemblies, in  0.413 seconds
Native extension for WindowsStandalone target not found
Native extension for WebGL target not found
Mono: successfully reloaded assembly
- Finished resetting the current domain, in  0.278 seconds
Domain Reload Profiling: 689ms
	BeginReloadAssembly (115ms)
		ExecutionOrderSort (0ms)
		DisableScriptedObjects (0ms)
		BackupInstance (0ms)
		ReleaseScriptingObjects (0ms)
		CreateAndSetChildDomain (1ms)
	RebuildCommonClasses (41ms)
	RebuildNativeTypeToScriptingClass (12ms)
	initialDomainReloadingComplete (66ms)
	LoadAllAssembliesAndSetupDomain (176ms)
		LoadAssemblies (114ms)
		RebuildTransferFunctionScriptingTraits (0ms)
		AnalyzeDomain (174ms)
			TypeCache.Refresh (173ms)
				TypeCache.ScanAssembly (154ms)
			ScanForSourceGeneratedMonoScriptInfo (1ms)
			ResolveRequiredComponents (0ms)
	FinalizeReload (278ms)
		ReleaseScriptCaches (0ms)
		RebuildScriptCaches (0ms)
		SetupLoadedEditorAssemblies (213ms)
			LogAssemblyErrors (0ms)
			InitializePlatformSupportModulesInManaged (10ms)
			SetLoadedEditorAssemblies (7ms)
			RefreshPlugins (0ms)
			BeforeProcessingInitializeOnLoad (2ms)
			ProcessInitializeOnLoadAttributes (141ms)
			ProcessInitializeOnLoadMethodAttributes (53ms)
			AfterProcessingInitializeOnLoad (0ms)
			EditorAssembliesLoaded (0ms)
		ExecutionOrderSort2 (0ms)
		AwakeInstancesAfterBackupRestoration (0ms)
========================================================================
Worker process is ready to serve import requests
Begin MonoManager ReloadAssembly
- Loaded All Assemblies, in  0.832 seconds
Refreshing native plugins compatible for Editor in 3.96 ms, found 4 plugins.
Native extension for WindowsStandalone target not found
Native extension for WebGL target not found
Package Manager log level set to [2]
[Package Manager] Server::EnsureServerProcessIsRunning -- launch failed, reason: Unity was launched with the -noUpm command-line argument
[Package Manager] UpmClient::Send -- Unable to send message (not connected to UPM process).
[Package Manager] Cannot connect to Unity Package Manager local server
Mono: successfully reloaded assembly
- Finished resetting the current domain, in  0.989 seconds
Domain Reload Profiling: 1820ms
	BeginReloadAssembly (178ms)
		ExecutionOrderSort (0ms)
		DisableScriptedObjects (7ms)
		BackupInstance (0ms)
		ReleaseScriptingObjects (0ms)
		CreateAndSetChildDomain (28ms)
	RebuildCommonClasses (37ms)
	RebuildNativeTypeToScriptingClass (12ms)
	initialDomainReloadingComplete (45ms)
	LoadAllAssembliesAndSetupDomain (558ms)
		LoadAssemblies (422ms)
		RebuildTransferFunctionScriptingTraits (0ms)
		AnalyzeDomain (235ms)
			TypeCache.Refresh (197ms)
				TypeCache.ScanAssembly (170ms)
			ScanForSourceGeneratedMonoScriptInfo (30ms)
			ResolveRequiredComponents (6ms)
	FinalizeReload (990ms)
		ReleaseScriptCaches (0ms)
		RebuildScriptCaches (0ms)
		SetupLoadedEditorAssemblies (772ms)
			LogAssemblyErrors (0ms)
			InitializePlatformSupportModulesInManaged (8ms)
			SetLoadedEditorAssemblies (6ms)
			RefreshPlugins (0ms)
			BeforeProcessingInitializeOnLoad (126ms)
			ProcessInitializeOnLoadAttributes (579ms)
			ProcessInitializeOnLoadMethodAttributes (47ms)
			AfterProcessingInitializeOnLoad (5ms)
			EditorAssembliesLoaded (0ms)
		ExecutionOrderSort2 (0ms)
		AwakeInstancesAfterBackupRestoration (9ms)
Launched and connected shader compiler UnityShaderCompiler.exe after 0.06 seconds
Refreshing native plugins compatible for Editor in 4.04 ms, found 4 plugins.
Preloading 0 native plugins for Editor in 0.00 ms.
Unloading 4504 Unused Serialized files (Serialized files now loaded: 0)
Unloading 71 unused Assets / (62.6 KB). Loaded Objects now: 4966.
Memory consumption went from 156.5 MB to 156.4 MB.
Total: 5.098600 ms (FindLiveObjects: 0.596900 ms CreateObjectMapping: 0.398600 ms MarkObjects: 3.937400 ms  DeleteObjects: 0.163200 ms)

AssetImportParameters requested are different than current active one (requested -> active):
  custom:container-demuxer-ogg: 62fdf1f143b41e24485cea50d1cbac27 -> 
  custom:video-decoder-ogg-theora: a1e56fd34408186e4bbccfd4996cb3dc -> 
  custom:framework-win-MediaFoundation: 216162199b28c13a410421893ffa2e32 -> 
  custom:CustomObjectIndexerAttribute: 756ad292c208cfabdd7b50bc23989ffe -> 
  custom:container-demuxer-webm: 4f35f7cbe854078d1ac9338744f61a02 -> 
  custom:container-muxer-webm: aa71ff27fc2769a1b78a27578f13a17b -> 
  custom:video-decoder-webm-vp8: 9c59270c3fd7afecdb556c50c9e8de78 -> 
  custom:SearchIndexIgnoredProperties: e643bd26f0fe6173181afceb89e7c659 -> 
  custom:AudioImporter_EditorPlatform: d09bf68614088b80899f8185d706f6e7 -> 
  custom:video-encoder-webm-vp8: eb34c28f22e8b96e1ab97ce403110664 -> 
  custom:audio-decoder-ogg-vorbis: bf7c407c2cedff20999df2af8eb42d56 -> 
  custom:audio-encoder-webm-vorbis: bf7c407c2cedff20999df2af8eb42d56 -> 
========================================================================
Received Import Request.
  Time since last request: 236873.175412 seconds.
  path: Assets/SFX/goblin roar strong1.wav
  artifactKey: Guid(37c0fc52daaab664786b732fce80772b) Importer(815301076,1909f56bfc062723c751e8b465ee728b)
Start importing Assets/SFX/goblin roar strong1.wav using Guid(37c0fc52daaab664786b732fce80772b) Importer(815301076,1909f56bfc062723c751e8b465ee728b)  -> (artifact id: 'f116b69f0a975625ee031e205d3f5519') in 0.115482 seconds
Number of updated asset objects reloaded before import = 0
Number of asset objects unloaded after import = 2
========================================================================
Received Import Request.
  Time since last request: 0.000028 seconds.
  path: Assets/SFX/dialogue box 1 (typewriter).wav
  artifactKey: Guid(0197c534d540cad4789ee501fcc39d71) Importer(815301076,1909f56bfc062723c751e8b465ee728b)
Start importing Assets/SFX/dialogue box 1 (typewriter).wav using Guid(0197c534d540cad4789ee501fcc39d71) Importer(815301076,1909f56bfc062723c751e8b465ee728b)  -> (artifact id: 'c7eac35d47d21d3be8d3d145879355e3') in 0.008924 seconds
Number of updated asset objects reloaded before import = 0
Number of asset objects unloaded after import = 2
========================================================================
Received Import Request.
  Time since last request: 0.000156 seconds.
  path: Assets/SFX/grass footstep 6.wav
  artifactKey: Guid(f54ff0e1dd5dfb94abe4f37e04de0e15) Importer(815301076,1909f56bfc062723c751e8b465ee728b)
Start importing Assets/SFX/grass footstep 6.wav using Guid(f54ff0e1dd5dfb94abe4f37e04de0e15) Importer(815301076,1909f56bfc062723c751e8b465ee728b)  -> (artifact id: '9271a76d4bdb1e842fbf9d28aea17600') in 0.008188 seconds
Number of updated asset objects reloaded before import = 0
Number of asset objects unloaded after import = 2
========================================================================
Received Import Request.
  Time since last request: 0.000015 seconds.
  path: Assets/SFX/new fae sound tinkle 2.wav
  artifactKey: Guid(ec931e5a9b36099408e980548e094964) Importer(815301076,1909f56bfc062723c751e8b465ee728b)
Start importing Assets/SFX/new fae sound tinkle 2.wav using Guid(ec931e5a9b36099408e980548e094964) Importer(815301076,1909f56bfc062723c751e8b465ee728b)  -> (artifact id: 'a39c606ecad764619083139e3253eeda') in 0.005919 seconds
Number of updated asset objects reloaded before import = 0
Number of asset objects unloaded after import = 2
========================================================================
Received Import Request.
  Time since last request: 0.000092 seconds.
  path: Assets/SFX/dialogue box 3 (typewriter).wav
  artifactKey: Guid(1030a0ed7746f0847bf4057ac91686e1) Importer(815301076,1909f56bfc062723c751e8b465ee728b)
Start importing Assets/SFX/dialogue box 3 (typewriter).wav using Guid(1030a0ed7746f0847bf4057ac91686e1) Importer(815301076,1909f56bfc062723c751e8b465ee728b)  -> (artifact id: '74fa69d1f90a572d598c4c4ec2129042') in 0.007086 seconds
Number of updated asset objects reloaded before import = 0
Number of asset objects unloaded after import = 2
========================================================================
Received Import Request.
  Time since last request: 0.000024 seconds.
  path: Assets/SFX/concrete footstep 7.wav
  artifactKey: Guid(84310ccc2e381314fadd6f242e46b50f) Importer(815301076,1909f56bfc062723c751e8b465ee728b)
Start importing Assets/SFX/concrete footstep 7.wav using Guid(84310ccc2e381314fadd6f242e46b50f) Importer(815301076,1909f56bfc062723c751e8b465ee728b)  -> (artifact id: 'bff698d8d08ac5b2125a0be24c222caf') in 0.008792 seconds
Number of updated asset objects reloaded before import = 0
Number of asset objects unloaded after import = 2
========================================================================
Received Import Request.
  Time since last request: 0.000017 seconds.
  path: Assets/SFX/grass footstep 1.wav
  artifactKey: Guid(00d48406c8bed254c975bc98e48b9e7f) Importer(815301076,1909f56bfc062723c751e8b465ee728b)
Start importing Assets/SFX/grass footstep 1.wav using Guid(00d48406c8bed254c975bc98e48b9e7f) Importer(815301076,1909f56bfc062723c751e8b465ee728b)  -> (artifact id: 'eb8ebfdb957011108850450e2e811c69') in 0.007458 seconds
Number of updated asset objects reloaded before import = 0
Number of asset objects unloaded after import = 2
========================================================================
Received Import Request.
  Time since last request: 0.000040 seconds.
  path: Assets/SFX/crash noise1.wav
  artifactKey: Guid(a0784a1223b5381499eb8a3d2c9b52f7) Importer(815301076,1909f56bfc062723c751e8b465ee728b)
Start importing Assets/SFX/crash noise1.wav using Guid(a0784a1223b5381499eb8a3d2c9b52f7) Importer(815301076,1909f56bfc062723c751e8b465ee728b)  -> (artifact id: '522c8778e52696428dd9d88626cfa79f') in 0.008152 seconds
Number of updated asset objects reloaded before import = 0
Number of asset objects unloaded after import = 2
========================================================================
Received Import Request.
  Time since last request: 0.000017 seconds.
  path: Assets/SFX/lamp fae 2.wav
  artifactKey: Guid(8a23914d52140a6449dcb74e6bfc1e64) Importer(815301076,1909f56bfc062723c751e8b465ee728b)
Start importing Assets/SFX/lamp fae 2.wav using Guid(8a23914d52140a6449dcb74e6bfc1e64) Importer(815301076,1909f56bfc062723c751e8b465ee728b)  -> (artifact id: '3ed11d713c7cbff34fbe905915127c2e') in 0.008052 seconds
Number of updated asset objects reloaded before import = 0
Number of asset objects unloaded after import = 2
========================================================================
Received Import Request.
  Time since last request: 0.000013 seconds.
  path: Assets/SFX/new fae sound tinkle 3.wav
  artifactKey: Guid(d6416b83d85fa544baed26fc6fa99236) Importer(815301076,1909f56bfc062723c751e8b465ee728b)
Start importing Assets/SFX/new fae sound tinkle 3.wav using Guid(d6416b83d85fa544baed26fc6fa99236) Importer(815301076,1909f56bfc062723c751e8b465ee728b)  -> (artifact id: '22dcd3f796c78128bf8446e602833515') in 0.007541 seconds
Number of updated asset objects reloaded before import = 0
Number of asset objects unloaded after import = 2
========================================================================
Received Import Request.
  Time since last request: 0.000050 seconds.
  path: Assets/SFX/dialogue box 4 (typewriter).wav
  artifactKey: Guid(75eff9379c1ce9c48855a39c36c0271f) Importer(815301076,1909f56bfc062723c751e8b465ee728b)
Start importing Assets/SFX/dialogue box 4 (typewriter).wav using Guid(75eff9379c1ce9c48855a39c36c0271f) Importer(815301076,1909f56bfc062723c751e8b465ee728b)  -> (artifact id: '71242d370e952aafa81e23195818f915') in 0.006575 seconds
Number of updated asset objects reloaded before import = 0
Number of asset objects unloaded after import = 2
========================================================================
Received Import Request.
  Time since last request: 0.000012 seconds.
  path: Assets/SFX/dog bark multiple times.wav
  artifactKey: Guid(a1654e438a7473b4691d7b4fb47ddccd) Importer(815301076,1909f56bfc062723c751e8b465ee728b)
Start importing Assets/SFX/dog bark multiple times.wav using Guid(a1654e438a7473b4691d7b4fb47ddccd) Importer(815301076,1909f56bfc062723c751e8b465ee728b)  -> (artifact id: 'de9c2da0e5dcf13e35d244246ff95e16') in 0.006300 seconds
Number of updated asset objects reloaded before import = 0
Number of asset objects unloaded after import = 2
Editor requested this worker to shutdown with reason: Scaling down because of idle timeout
TcpMessagingSession - receive error: operation aborted. errorcode: 995, details: The I/O operation has been aborted because of either a thread exit or an application request.
AssetImportWorker is now disconnected from the server
Process exiting
Exiting without the bug reporter. Application will terminate with return code 0