Using pre-set license
Built from '2022.3/staging' branch; Version is '2022.3.11f1 (d00248457e15) revision 13632072'; Using compiler version '192829333'; Build Type 'Release'
OS: 'Windows 10  (10.0.19042) 64bit Professional' Language: 'en' Physical Memory: 16286 MB
BatchMode: 1, IsHumanControllingUs: 0, StartBugReporterOnCrash: 0, Is64bit: 1, IsPro: 1

COMMAND LINE ARGUMENTS:
C:\Program Files\Unity 2022.3.11f1\Editor\Unity.exe
-adb2
-batchMode
-noUpm
-name
AssetImportWorker7
-projectPath
C:/Users/user/Desktop/LUNE/Pixel-Horror-GameJam-main
-logFile
Logs/AssetImportWorker7.log
-srvPort
53194
Successfully changed project path to: C:/Users/user/Desktop/LUNE/Pixel-Horror-GameJam-main
C:/Users/user/Desktop/LUNE/Pixel-Horror-GameJam-main
[UnityMemory] Configuration Parameters - Can be set up in boot.config
    "memorysetup-bucket-allocator-granularity=16"
    "memorysetup-bucket-allocator-bucket-count=8"
    "memorysetup-bucket-allocator-block-size=33554432"
    "memorysetup-bucket-allocator-block-count=8"
    "memorysetup-main-allocator-block-size=16777216"
    "memorysetup-thread-allocator-block-size=16777216"
    "memorysetup-gfx-main-allocator-block-size=16777216"
    "memorysetup-gfx-thread-allocator-block-size=16777216"
    "memorysetup-cache-allocator-block-size=4194304"
    "memorysetup-typetree-allocator-block-size=2097152"
    "memorysetup-profiler-bucket-allocator-granularity=16"
    "memorysetup-profiler-bucket-allocator-bucket-count=8"
    "memorysetup-profiler-bucket-allocator-block-size=33554432"
    "memorysetup-profiler-bucket-allocator-block-count=8"
    "memorysetup-profiler-allocator-block-size=16777216"
    "memorysetup-profiler-editor-allocator-block-size=1048576"
    "memorysetup-temp-allocator-size-main=16777216"
    "memorysetup-job-temp-allocator-block-size=2097152"
    "memorysetup-job-temp-allocator-block-size-background=1048576"
    "memorysetup-job-temp-allocator-reduction-small-platforms=262144"
    "memorysetup-allocator-temp-initial-block-size-main=262144"
    "memorysetup-allocator-temp-initial-block-size-worker=262144"
    "memorysetup-temp-allocator-size-background-worker=32768"
    "memorysetup-temp-allocator-size-job-worker=262144"
    "memorysetup-temp-allocator-size-preload-manager=33554432"
    "memorysetup-temp-allocator-size-nav-mesh-worker=65536"
    "memorysetup-temp-allocator-size-audio-worker=65536"
    "memorysetup-temp-allocator-size-cloud-worker=32768"
    "memorysetup-temp-allocator-size-gi-baking-worker=262144"
    "memorysetup-temp-allocator-size-gfx=262144"
Player connection [20708] Host "[IP] 192.168.1.61 [Port] 0 [Flags] 2 [Guid] 2798123339 [EditorId] 2798123339 [Version] 1048832 [Id] WindowsEditor(7,WINDOWS-PC) [Debug] 1 [PackageName] WindowsEditor [ProjectName] Editor" joined multi-casting on [225.0.0.222:54997]...

Player connection [20708] Host "[IP] 192.168.1.61 [Port] 0 [Flags] 2 [Guid] 2798123339 [EditorId] 2798123339 [Version] 1048832 [Id] WindowsEditor(7,WINDOWS-PC) [Debug] 1 [PackageName] WindowsEditor [ProjectName] Editor" joined alternative multi-casting on [225.0.0.222:34997]...

[Physics::Module] Initialized MultithreadedJobDispatcher with 23 workers.
Refreshing native plugins compatible for Editor in 10.50 ms, found 4 plugins.
Preloading 0 native plugins for Editor in 0.00 ms.
Initialize engine version: 2022.3.11f1 (d00248457e15)
[Subsystems] Discovering subsystems at path C:/Program Files/Unity 2022.3.11f1/Editor/Data/Resources/UnitySubsystems
[Subsystems] Discovering subsystems at path C:/Users/user/Desktop/LUNE/Pixel-Horror-GameJam-main/Assets
GfxDevice: creating device client; threaded=0; jobified=0
Direct3D:
    Version:  Direct3D 11.0 [level 11.1]
    Renderer: NVIDIA GeForce GTX 1650 (ID=0x1f82)
    Vendor:   NVIDIA
    VRAM:     3935 MB
    Driver:   31.0.15.5212
Initialize mono
Mono path[0] = 'C:/Program Files/Unity 2022.3.11f1/Editor/Data/Managed'
Mono path[1] = 'C:/Program Files/Unity 2022.3.11f1/Editor/Data/MonoBleedingEdge/lib/mono/unityjit-win32'
Mono config path = 'C:/Program Files/Unity 2022.3.11f1/Editor/Data/MonoBleedingEdge/etc'
Using monoOptions --debugger-agent=transport=dt_socket,embedding=1,server=y,suspend=n,address=127.0.0.1:56400
Begin MonoManager ReloadAssembly
Registering precompiled unity dll's ...
Register platform support module: C:/Program Files/Unity 2022.3.11f1/Editor/Data/PlaybackEngines/WindowsStandaloneSupport/UnityEditor.WindowsStandalone.Extensions.dll
Registered in 0.004156 seconds.
- Loaded All Assemblies, in  0.291 seconds
Native extension for WindowsStandalone target not found
Mono: successfully reloaded assembly
- Finished resetting the current domain, in  0.215 seconds
Domain Reload Profiling: 506ms
	BeginReloadAssembly (92ms)
		ExecutionOrderSort (0ms)
		DisableScriptedObjects (0ms)
		BackupInstance (0ms)
		ReleaseScriptingObjects (0ms)
		CreateAndSetChildDomain (1ms)
	RebuildCommonClasses (30ms)
	RebuildNativeTypeToScriptingClass (9ms)
	initialDomainReloadingComplete (46ms)
	LoadAllAssembliesAndSetupDomain (113ms)
		LoadAssemblies (90ms)
		RebuildTransferFunctionScriptingTraits (0ms)
		AnalyzeDomain (112ms)
			TypeCache.Refresh (110ms)
				TypeCache.ScanAssembly (100ms)
			ScanForSourceGeneratedMonoScriptInfo (0ms)
			ResolveRequiredComponents (1ms)
	FinalizeReload (216ms)
		ReleaseScriptCaches (0ms)
		RebuildScriptCaches (0ms)
		SetupLoadedEditorAssemblies (167ms)
			LogAssemblyErrors (0ms)
			InitializePlatformSupportModulesInManaged (7ms)
			SetLoadedEditorAssemblies (5ms)
			RefreshPlugins (0ms)
			BeforeProcessingInitializeOnLoad (2ms)
			ProcessInitializeOnLoadAttributes (110ms)
			ProcessInitializeOnLoadMethodAttributes (43ms)
			AfterProcessingInitializeOnLoad (0ms)
			EditorAssembliesLoaded (0ms)
		ExecutionOrderSort2 (0ms)
		AwakeInstancesAfterBackupRestoration (0ms)
========================================================================
Worker process is ready to serve import requests
Begin MonoManager ReloadAssembly
- Loaded All Assemblies, in  0.534 seconds
Refreshing native plugins compatible for Editor in 4.09 ms, found 4 plugins.
Native extension for WindowsStandalone target not found
Package Manager log level set to [2]
[Package Manager] Server::EnsureServerProcessIsRunning -- launch failed, reason: Unity was launched with the -noUpm command-line argument
[Package Manager] UpmClient::Send -- Unable to send message (not connected to UPM process).
[Package Manager] Cannot connect to Unity Package Manager local server
Mono: successfully reloaded assembly
- Finished resetting the current domain, in  0.621 seconds
Domain Reload Profiling: 1152ms
	BeginReloadAssembly (126ms)
		ExecutionOrderSort (0ms)
		DisableScriptedObjects (4ms)
		BackupInstance (0ms)
		ReleaseScriptingObjects (0ms)
		CreateAndSetChildDomain (21ms)
	RebuildCommonClasses (29ms)
	RebuildNativeTypeToScriptingClass (9ms)
	initialDomainReloadingComplete (35ms)
	LoadAllAssembliesAndSetupDomain (332ms)
		LoadAssemblies (240ms)
		RebuildTransferFunctionScriptingTraits (0ms)
		AnalyzeDomain (163ms)
			TypeCache.Refresh (137ms)
				TypeCache.ScanAssembly (124ms)
			ScanForSourceGeneratedMonoScriptInfo (20ms)
			ResolveRequiredComponents (4ms)
	FinalizeReload (621ms)
		ReleaseScriptCaches (0ms)
		RebuildScriptCaches (0ms)
		SetupLoadedEditorAssemblies (485ms)
			LogAssemblyErrors (0ms)
			InitializePlatformSupportModulesInManaged (4ms)
			SetLoadedEditorAssemblies (3ms)
			RefreshPlugins (0ms)
			BeforeProcessingInitializeOnLoad (62ms)
			ProcessInitializeOnLoadAttributes (378ms)
			ProcessInitializeOnLoadMethodAttributes (33ms)
			AfterProcessingInitializeOnLoad (5ms)
			EditorAssembliesLoaded (0ms)
		ExecutionOrderSort2 (0ms)
		AwakeInstancesAfterBackupRestoration (5ms)
Launched and connected shader compiler UnityShaderCompiler.exe after 0.04 seconds
Refreshing native plugins compatible for Editor in 4.63 ms, found 4 plugins.
Preloading 0 native plugins for Editor in 0.00 ms.
Unloading 4479 Unused Serialized files (Serialized files now loaded: 0)
Unloading 71 unused Assets / (62.5 KB). Loaded Objects now: 4942.
Memory consumption went from 156.4 MB to 156.3 MB.
Total: 3.417400 ms (FindLiveObjects: 0.268800 ms CreateObjectMapping: 0.175600 ms MarkObjects: 2.846900 ms  DeleteObjects: 0.125600 ms)

AssetImportParameters requested are different than current active one (requested -> active):
  custom:container-demuxer-ogg: 62fdf1f143b41e24485cea50d1cbac27 -> 
  custom:video-decoder-ogg-theora: a1e56fd34408186e4bbccfd4996cb3dc -> 
  custom:framework-win-MediaFoundation: 216162199b28c13a410421893ffa2e32 -> 
  custom:CustomObjectIndexerAttribute: 756ad292c208cfabdd7b50bc23989ffe -> 
  custom:container-demuxer-webm: 4f35f7cbe854078d1ac9338744f61a02 -> 
  custom:container-muxer-webm: aa71ff27fc2769a1b78a27578f13a17b -> 
  custom:video-decoder-webm-vp8: 9c59270c3fd7afecdb556c50c9e8de78 -> 
  custom:SearchIndexIgnoredProperties: e643bd26f0fe6173181afceb89e7c659 -> 
  custom:AudioImporter_EditorPlatform: d09bf68614088b80899f8185d706f6e7 -> 
  custom:video-encoder-webm-vp8: eb34c28f22e8b96e1ab97ce403110664 -> 
  custom:audio-decoder-ogg-vorbis: bf7c407c2cedff20999df2af8eb42d56 -> 
  custom:audio-encoder-webm-vorbis: bf7c407c2cedff20999df2af8eb42d56 -> 
========================================================================
Received Import Request.
  Time since last request: 94922.889593 seconds.
  path: Assets/Art/Tilemaps/Palettes/Exterior.prefab
  artifactKey: Guid(720bf66132eb2a84cb6c66e2f516030a) Importer(815301076,1909f56bfc062723c751e8b465ee728b)
Start importing Assets/Art/Tilemaps/Palettes/Exterior.prefab using Guid(720bf66132eb2a84cb6c66e2f516030a) Importer(815301076,1909f56bfc062723c751e8b465ee728b)  -> (artifact id: '44fc32a8de9d6e6d9819e181ea11bf3d') in 0.089395 seconds
Number of updated asset objects reloaded before import = 0
Number of asset objects unloaded after import = 45
========================================================================
Received Import Request.
  Time since last request: 29.891820 seconds.
  path: Assets/Art/Tilemaps/Tiles/Interior Floor Shadow/tileset-shadow_3.asset
  artifactKey: Guid(de2b90281af2eda4b9c725140243638e) Importer(815301076,1909f56bfc062723c751e8b465ee728b)
Start importing Assets/Art/Tilemaps/Tiles/Interior Floor Shadow/tileset-shadow_3.asset using Guid(de2b90281af2eda4b9c725140243638e) Importer(815301076,1909f56bfc062723c751e8b465ee728b)  -> (artifact id: 'f1eaf89e6dc9d8e7d64fe3fcbeda8961') in 0.156902 seconds
Number of updated asset objects reloaded before import = 0
Number of asset objects unloaded after import = 3
========================================================================
Received Import Request.
  Time since last request: 0.000013 seconds.
  path: Assets/Art/Tilemaps/Tiles/Interior Floor Shadow/tileset-shadow_5.asset
  artifactKey: Guid(884ec08c05823c744805f245241fe612) Importer(815301076,1909f56bfc062723c751e8b465ee728b)
Start importing Assets/Art/Tilemaps/Tiles/Interior Floor Shadow/tileset-shadow_5.asset using Guid(884ec08c05823c744805f245241fe612) Importer(815301076,1909f56bfc062723c751e8b465ee728b)  -> (artifact id: 'ff302e3027c9b9bb3fa4f124c845cf41') in 0.006782 seconds
Number of updated asset objects reloaded before import = 0
Number of asset objects unloaded after import = 3
========================================================================
Received Import Request.
  Time since last request: 0.000021 seconds.
  path: Assets/Art/Tilemaps/Tiles/Interior Floor Shadow/tileset-shadow_6.asset
  artifactKey: Guid(891434d1b1c6d954a8127e9b15fe6697) Importer(815301076,1909f56bfc062723c751e8b465ee728b)
Start importing Assets/Art/Tilemaps/Tiles/Interior Floor Shadow/tileset-shadow_6.asset using Guid(891434d1b1c6d954a8127e9b15fe6697) Importer(815301076,1909f56bfc062723c751e8b465ee728b)  -> (artifact id: '2d3630702d21c847f1cf248e01d70aed') in 0.006440 seconds
Number of updated asset objects reloaded before import = 0
Number of asset objects unloaded after import = 3
========================================================================
Received Import Request.
  Time since last request: 0.000017 seconds.
  path: Assets/Art/Tilemaps/Tiles/Interior Floor Shadow/tileset-shadow_18.asset
  artifactKey: Guid(430e048afc2047b4481fbd9c2efb50f8) Importer(815301076,1909f56bfc062723c751e8b465ee728b)
Start importing Assets/Art/Tilemaps/Tiles/Interior Floor Shadow/tileset-shadow_18.asset using Guid(430e048afc2047b4481fbd9c2efb50f8) Importer(815301076,1909f56bfc062723c751e8b465ee728b)  -> (artifact id: '9f6ff911e39711618137c964a3425f55') in 0.005316 seconds
Number of updated asset objects reloaded before import = 0
Number of asset objects unloaded after import = 3
========================================================================
Received Import Request.
  Time since last request: 0.789867 seconds.
  path: Assets/Art/Tilemaps/Tiles/Interior Floor/tileset2_3.asset
  artifactKey: Guid(6d9a3316311f21d4c8db6bd2cdc64e59) Importer(815301076,1909f56bfc062723c751e8b465ee728b)
Start importing Assets/Art/Tilemaps/Tiles/Interior Floor/tileset2_3.asset using Guid(6d9a3316311f21d4c8db6bd2cdc64e59) Importer(815301076,1909f56bfc062723c751e8b465ee728b)  -> (artifact id: '2498f73461958fe309856ed454c2009b') in 0.006924 seconds
Number of updated asset objects reloaded before import = 0
Number of asset objects unloaded after import = 3
========================================================================
Received Import Request.
  Time since last request: 0.000016 seconds.
  path: Assets/Art/Tilemaps/Tiles/Interior Floor/tileset2_9.asset
  artifactKey: Guid(b9887a15bae719c4ba30bb949aa672c1) Importer(815301076,1909f56bfc062723c751e8b465ee728b)
Start importing Assets/Art/Tilemaps/Tiles/Interior Floor/tileset2_9.asset using Guid(b9887a15bae719c4ba30bb949aa672c1) Importer(815301076,1909f56bfc062723c751e8b465ee728b)  -> (artifact id: '49086427b74acc340fcbe295b537404e') in 0.005684 seconds
Number of updated asset objects reloaded before import = 0
Number of asset objects unloaded after import = 3
========================================================================
Received Import Request.
  Time since last request: 0.000011 seconds.
  path: Assets/Art/Tilemaps/Tiles/Interior Floor/tileset2_16.asset
  artifactKey: Guid(7619aac27ddf7904d8b492b0192fda94) Importer(815301076,1909f56bfc062723c751e8b465ee728b)
Start importing Assets/Art/Tilemaps/Tiles/Interior Floor/tileset2_16.asset using Guid(7619aac27ddf7904d8b492b0192fda94) Importer(815301076,1909f56bfc062723c751e8b465ee728b)  -> (artifact id: '53662f7e0b84933e53735dafbd4f0ac5') in 0.005522 seconds
Number of updated asset objects reloaded before import = 0
Number of asset objects unloaded after import = 3
========================================================================
Received Import Request.
  Time since last request: 0.000014 seconds.
  path: Assets/Art/Tilemaps/Tiles/Interior Floor/tileset2_20.asset
  artifactKey: Guid(4cd267155e88d2749af58ff2aeb1fa4e) Importer(815301076,1909f56bfc062723c751e8b465ee728b)
Start importing Assets/Art/Tilemaps/Tiles/Interior Floor/tileset2_20.asset using Guid(4cd267155e88d2749af58ff2aeb1fa4e) Importer(815301076,1909f56bfc062723c751e8b465ee728b)  -> (artifact id: '6f1a6eddf1bc8dccc2cb21943418d7ce') in 0.005541 seconds
Number of updated asset objects reloaded before import = 0
Number of asset objects unloaded after import = 3
========================================================================
Received Import Request.
  Time since last request: 0.000015 seconds.
  path: Assets/Art/Tilemaps/Tiles/Interior Floor/tileset2_12.asset
  artifactKey: Guid(a8aaaa159d4aa9c49b0fb2beaa9e3490) Importer(815301076,1909f56bfc062723c751e8b465ee728b)
Start importing Assets/Art/Tilemaps/Tiles/Interior Floor/tileset2_12.asset using Guid(a8aaaa159d4aa9c49b0fb2beaa9e3490) Importer(815301076,1909f56bfc062723c751e8b465ee728b)  -> (artifact id: 'bd659333d838c748cc25fa91203ce421') in 0.005742 seconds
Number of updated asset objects reloaded before import = 0
Number of asset objects unloaded after import = 3
========================================================================
Received Import Request.
  Time since last request: 0.000026 seconds.
  path: Assets/Art/Tilemaps/Tiles/Interior Floor/tileset2_8.asset
  artifactKey: Guid(6512b5ebb8549ee4097647147d68901f) Importer(815301076,1909f56bfc062723c751e8b465ee728b)
Start importing Assets/Art/Tilemaps/Tiles/Interior Floor/tileset2_8.asset using Guid(6512b5ebb8549ee4097647147d68901f) Importer(815301076,1909f56bfc062723c751e8b465ee728b)  -> (artifact id: '33cd47026e3b53a807410c4dad79bcb6') in 0.005384 seconds
Number of updated asset objects reloaded before import = 0
Number of asset objects unloaded after import = 3
========================================================================
Received Import Request.
  Time since last request: 4.283118 seconds.
  path: Assets/Art/Tilemaps/Tiles/Exterior Bushes and Props/Door_0.asset
  artifactKey: Guid(c3e88d6285f99dd418bb5f6a45c7e153) Importer(815301076,1909f56bfc062723c751e8b465ee728b)
Start importing Assets/Art/Tilemaps/Tiles/Exterior Bushes and Props/Door_0.asset using Guid(c3e88d6285f99dd418bb5f6a45c7e153) Importer(815301076,1909f56bfc062723c751e8b465ee728b)  -> (artifact id: 'af91ef80b5fb039e50fa2d1ef87c27ee') in 0.006443 seconds
Number of updated asset objects reloaded before import = 0
Number of asset objects unloaded after import = 3
========================================================================
Received Import Request.
  Time since last request: 0.632661 seconds.
  path: Assets/Art/Tilemaps/Tiles/Exterior/tileset_outside_3.asset
  artifactKey: Guid(3f7d6b9e75e6a0c43a203dd83f72743b) Importer(815301076,1909f56bfc062723c751e8b465ee728b)
Start importing Assets/Art/Tilemaps/Tiles/Exterior/tileset_outside_3.asset using Guid(3f7d6b9e75e6a0c43a203dd83f72743b) Importer(815301076,1909f56bfc062723c751e8b465ee728b)  -> (artifact id: 'af99c448ba86ca262c9e450268edd393') in 0.007400 seconds
Number of updated asset objects reloaded before import = 0
Number of asset objects unloaded after import = 3
========================================================================
Received Import Request.
  Time since last request: 0.000028 seconds.
  path: Assets/Art/Tilemaps/Tiles/Exterior/tileset_outside_10.asset
  artifactKey: Guid(55dd9baaf5d33e343a805eb3073ffacb) Importer(815301076,1909f56bfc062723c751e8b465ee728b)
Start importing Assets/Art/Tilemaps/Tiles/Exterior/tileset_outside_10.asset using Guid(55dd9baaf5d33e343a805eb3073ffacb) Importer(815301076,1909f56bfc062723c751e8b465ee728b)  -> (artifact id: '022ea001480ceb1195f0e07445d0927f') in 0.004923 seconds
Number of updated asset objects reloaded before import = 0
Number of asset objects unloaded after import = 3
========================================================================
Received Import Request.
  Time since last request: 0.000028 seconds.
  path: Assets/Art/Tilemaps/Tiles/Exterior/tileset_outside_11.asset
  artifactKey: Guid(e9df5bf32a204124f8ca4348aa134582) Importer(815301076,1909f56bfc062723c751e8b465ee728b)
Start importing Assets/Art/Tilemaps/Tiles/Exterior/tileset_outside_11.asset using Guid(e9df5bf32a204124f8ca4348aa134582) Importer(815301076,1909f56bfc062723c751e8b465ee728b)  -> (artifact id: '0c835f545043d9f16d36ded26f4850f6') in 0.005810 seconds
Number of updated asset objects reloaded before import = 0
Number of asset objects unloaded after import = 3
========================================================================
Received Import Request.
  Time since last request: 0.000012 seconds.
  path: Assets/Art/Tilemaps/Tiles/Exterior/tileset_outside_15.asset
  artifactKey: Guid(6c37bc61d3db53349ab59b5ebb0f92b3) Importer(815301076,1909f56bfc062723c751e8b465ee728b)
Start importing Assets/Art/Tilemaps/Tiles/Exterior/tileset_outside_15.asset using Guid(6c37bc61d3db53349ab59b5ebb0f92b3) Importer(815301076,1909f56bfc062723c751e8b465ee728b)  -> (artifact id: 'a2cbc88ba83f0dfcad38f1dea0967c8e') in 0.005554 seconds
Number of updated asset objects reloaded before import = 0
Number of asset objects unloaded after import = 3
