Using pre-set license
Built from '2022.3/staging' branch; Version is '2022.3.11f1 (d00248457e15) revision 13632072'; Using compiler version '192829333'; Build Type 'Release'
OS: 'Windows 10  (10.0.19042) 64bit Professional' Language: 'en' Physical Memory: 16286 MB
BatchMode: 1, IsHumanControllingUs: 0, StartBugReporterOnCrash: 0, Is64bit: 1, IsPro: 1

COMMAND LINE ARGUMENTS:
C:\Program Files\Unity 2022.3.11f1\Editor\Unity.exe
-adb2
-batchMode
-noUpm
-name
AssetImportWorker5
-projectPath
C:/Users/user/Desktop/LUNE/Pixel-Horror-GameJam-main
-logFile
Logs/AssetImportWorker5.log
-srvPort
53194
Successfully changed project path to: C:/Users/user/Desktop/LUNE/Pixel-Horror-GameJam-main
C:/Users/user/Desktop/LUNE/Pixel-Horror-GameJam-main
[UnityMemory] Configuration Parameters - Can be set up in boot.config
    "memorysetup-bucket-allocator-granularity=16"
    "memorysetup-bucket-allocator-bucket-count=8"
    "memorysetup-bucket-allocator-block-size=33554432"
    "memorysetup-bucket-allocator-block-count=8"
    "memorysetup-main-allocator-block-size=16777216"
    "memorysetup-thread-allocator-block-size=16777216"
    "memorysetup-gfx-main-allocator-block-size=16777216"
    "memorysetup-gfx-thread-allocator-block-size=16777216"
    "memorysetup-cache-allocator-block-size=4194304"
    "memorysetup-typetree-allocator-block-size=2097152"
    "memorysetup-profiler-bucket-allocator-granularity=16"
    "memorysetup-profiler-bucket-allocator-bucket-count=8"
    "memorysetup-profiler-bucket-allocator-block-size=33554432"
    "memorysetup-profiler-bucket-allocator-block-count=8"
    "memorysetup-profiler-allocator-block-size=16777216"
    "memorysetup-profiler-editor-allocator-block-size=1048576"
    "memorysetup-temp-allocator-size-main=16777216"
    "memorysetup-job-temp-allocator-block-size=2097152"
    "memorysetup-job-temp-allocator-block-size-background=1048576"
    "memorysetup-job-temp-allocator-reduction-small-platforms=262144"
    "memorysetup-allocator-temp-initial-block-size-main=262144"
    "memorysetup-allocator-temp-initial-block-size-worker=262144"
    "memorysetup-temp-allocator-size-background-worker=32768"
    "memorysetup-temp-allocator-size-job-worker=262144"
    "memorysetup-temp-allocator-size-preload-manager=33554432"
    "memorysetup-temp-allocator-size-nav-mesh-worker=65536"
    "memorysetup-temp-allocator-size-audio-worker=65536"
    "memorysetup-temp-allocator-size-cloud-worker=32768"
    "memorysetup-temp-allocator-size-gi-baking-worker=262144"
    "memorysetup-temp-allocator-size-gfx=262144"
Player connection [5912] Host "[IP] 192.168.1.61 [Port] 0 [Flags] 2 [Guid] 2078800716 [EditorId] 2078800716 [Version] 1048832 [Id] WindowsEditor(7,WINDOWS-PC) [Debug] 1 [PackageName] WindowsEditor [ProjectName] Editor" joined multi-casting on [225.0.0.222:54997]...

Player connection [5912] Host "[IP] 192.168.1.61 [Port] 0 [Flags] 2 [Guid] 2078800716 [EditorId] 2078800716 [Version] 1048832 [Id] WindowsEditor(7,WINDOWS-PC) [Debug] 1 [PackageName] WindowsEditor [ProjectName] Editor" joined alternative multi-casting on [225.0.0.222:34997]...

[Physics::Module] Initialized MultithreadedJobDispatcher with 23 workers.
Refreshing native plugins compatible for Editor in 9.38 ms, found 4 plugins.
Preloading 0 native plugins for Editor in 0.00 ms.
Initialize engine version: 2022.3.11f1 (d00248457e15)
[Subsystems] Discovering subsystems at path C:/Program Files/Unity 2022.3.11f1/Editor/Data/Resources/UnitySubsystems
[Subsystems] Discovering subsystems at path C:/Users/user/Desktop/LUNE/Pixel-Horror-GameJam-main/Assets
GfxDevice: creating device client; threaded=0; jobified=0
Direct3D:
    Version:  Direct3D 11.0 [level 11.1]
    Renderer: NVIDIA GeForce GTX 1650 (ID=0x1f82)
    Vendor:   NVIDIA
    VRAM:     3935 MB
    Driver:   31.0.15.5212
Initialize mono
Mono path[0] = 'C:/Program Files/Unity 2022.3.11f1/Editor/Data/Managed'
Mono path[1] = 'C:/Program Files/Unity 2022.3.11f1/Editor/Data/MonoBleedingEdge/lib/mono/unityjit-win32'
Mono config path = 'C:/Program Files/Unity 2022.3.11f1/Editor/Data/MonoBleedingEdge/etc'
Using monoOptions --debugger-agent=transport=dt_socket,embedding=1,server=y,suspend=n,address=127.0.0.1:56684
Begin MonoManager ReloadAssembly
Registering precompiled unity dll's ...
Register platform support module: C:/Program Files/Unity 2022.3.11f1/Editor/Data/PlaybackEngines/WindowsStandaloneSupport/UnityEditor.WindowsStandalone.Extensions.dll
Registered in 0.004052 seconds.
- Loaded All Assemblies, in  0.296 seconds
Native extension for WindowsStandalone target not found
Mono: successfully reloaded assembly
- Finished resetting the current domain, in  0.215 seconds
Domain Reload Profiling: 510ms
	BeginReloadAssembly (93ms)
		ExecutionOrderSort (0ms)
		DisableScriptedObjects (0ms)
		BackupInstance (0ms)
		ReleaseScriptingObjects (0ms)
		CreateAndSetChildDomain (1ms)
	RebuildCommonClasses (29ms)
	RebuildNativeTypeToScriptingClass (8ms)
	initialDomainReloadingComplete (48ms)
	LoadAllAssembliesAndSetupDomain (117ms)
		LoadAssemblies (91ms)
		RebuildTransferFunctionScriptingTraits (0ms)
		AnalyzeDomain (116ms)
			TypeCache.Refresh (114ms)
				TypeCache.ScanAssembly (104ms)
			ScanForSourceGeneratedMonoScriptInfo (0ms)
			ResolveRequiredComponents (0ms)
	FinalizeReload (215ms)
		ReleaseScriptCaches (0ms)
		RebuildScriptCaches (0ms)
		SetupLoadedEditorAssemblies (167ms)
			LogAssemblyErrors (0ms)
			InitializePlatformSupportModulesInManaged (7ms)
			SetLoadedEditorAssemblies (5ms)
			RefreshPlugins (0ms)
			BeforeProcessingInitializeOnLoad (2ms)
			ProcessInitializeOnLoadAttributes (112ms)
			ProcessInitializeOnLoadMethodAttributes (42ms)
			AfterProcessingInitializeOnLoad (0ms)
			EditorAssembliesLoaded (0ms)
		ExecutionOrderSort2 (0ms)
		AwakeInstancesAfterBackupRestoration (0ms)
========================================================================
Worker process is ready to serve import requests
Begin MonoManager ReloadAssembly
- Loaded All Assemblies, in  0.538 seconds
Refreshing native plugins compatible for Editor in 3.41 ms, found 4 plugins.
Native extension for WindowsStandalone target not found
Package Manager log level set to [2]
[Package Manager] Server::EnsureServerProcessIsRunning -- launch failed, reason: Unity was launched with the -noUpm command-line argument
[Package Manager] UpmClient::Send -- Unable to send message (not connected to UPM process).
[Package Manager] Cannot connect to Unity Package Manager local server
Mono: successfully reloaded assembly
- Finished resetting the current domain, in  0.537 seconds
Domain Reload Profiling: 1073ms
	BeginReloadAssembly (128ms)
		ExecutionOrderSort (0ms)
		DisableScriptedObjects (5ms)
		BackupInstance (0ms)
		ReleaseScriptingObjects (0ms)
		CreateAndSetChildDomain (19ms)
	RebuildCommonClasses (29ms)
	RebuildNativeTypeToScriptingClass (8ms)
	initialDomainReloadingComplete (35ms)
	LoadAllAssembliesAndSetupDomain (335ms)
		LoadAssemblies (246ms)
		RebuildTransferFunctionScriptingTraits (0ms)
		AnalyzeDomain (162ms)
			TypeCache.Refresh (136ms)
				TypeCache.ScanAssembly (124ms)
			ScanForSourceGeneratedMonoScriptInfo (21ms)
			ResolveRequiredComponents (4ms)
	FinalizeReload (537ms)
		ReleaseScriptCaches (0ms)
		RebuildScriptCaches (0ms)
		SetupLoadedEditorAssemblies (416ms)
			LogAssemblyErrors (0ms)
			InitializePlatformSupportModulesInManaged (3ms)
			SetLoadedEditorAssemblies (2ms)
			RefreshPlugins (0ms)
			BeforeProcessingInitializeOnLoad (56ms)
			ProcessInitializeOnLoadAttributes (323ms)
			ProcessInitializeOnLoadMethodAttributes (27ms)
			AfterProcessingInitializeOnLoad (4ms)
			EditorAssembliesLoaded (0ms)
		ExecutionOrderSort2 (0ms)
		AwakeInstancesAfterBackupRestoration (5ms)
Launched and connected shader compiler UnityShaderCompiler.exe after 0.03 seconds
Refreshing native plugins compatible for Editor in 3.06 ms, found 4 plugins.
Preloading 0 native plugins for Editor in 0.00 ms.
Unloading 4479 Unused Serialized files (Serialized files now loaded: 0)
Unloading 71 unused Assets / (62.6 KB). Loaded Objects now: 4942.
Memory consumption went from 156.4 MB to 156.3 MB.
Total: 3.436800 ms (FindLiveObjects: 0.315500 ms CreateObjectMapping: 0.179300 ms MarkObjects: 2.814000 ms  DeleteObjects: 0.127300 ms)

AssetImportParameters requested are different than current active one (requested -> active):
  custom:container-demuxer-ogg: 62fdf1f143b41e24485cea50d1cbac27 -> 
  custom:video-decoder-ogg-theora: a1e56fd34408186e4bbccfd4996cb3dc -> 
  custom:framework-win-MediaFoundation: 216162199b28c13a410421893ffa2e32 -> 
  custom:CustomObjectIndexerAttribute: 756ad292c208cfabdd7b50bc23989ffe -> 
  custom:container-demuxer-webm: 4f35f7cbe854078d1ac9338744f61a02 -> 
  custom:container-muxer-webm: aa71ff27fc2769a1b78a27578f13a17b -> 
  custom:video-decoder-webm-vp8: 9c59270c3fd7afecdb556c50c9e8de78 -> 
  custom:SearchIndexIgnoredProperties: e643bd26f0fe6173181afceb89e7c659 -> 
  custom:AudioImporter_EditorPlatform: d09bf68614088b80899f8185d706f6e7 -> 
  custom:video-encoder-webm-vp8: eb34c28f22e8b96e1ab97ce403110664 -> 
  custom:audio-decoder-ogg-vorbis: bf7c407c2cedff20999df2af8eb42d56 -> 
  custom:audio-encoder-webm-vorbis: bf7c407c2cedff20999df2af8eb42d56 -> 
========================================================================
Received Import Request.
  Time since last request: 94690.808385 seconds.
  path: Assets/Art/Tiles/tileset2.png
  artifactKey: Guid(0c8ff4a912f4fb6419b36645288c7b79) Importer(815301076,1909f56bfc062723c751e8b465ee728b)
Start importing Assets/Art/Tiles/tileset2.png using Guid(0c8ff4a912f4fb6419b36645288c7b79) Importer(815301076,1909f56bfc062723c751e8b465ee728b)  -> (artifact id: '2bbb4615fd3c9b3cc79fd65f3b57f3e6') in 0.104796 seconds
Number of updated asset objects reloaded before import = 0
Number of asset objects unloaded after import = 26
========================================================================
Received Import Request.
  Time since last request: 0.000012 seconds.
  path: Assets/Art/Tiles/tileset_outside.png
  artifactKey: Guid(dc38127d334b69f46a31feaae5922db2) Importer(815301076,1909f56bfc062723c751e8b465ee728b)
Start importing Assets/Art/Tiles/tileset_outside.png using Guid(dc38127d334b69f46a31feaae5922db2) Importer(815301076,1909f56bfc062723c751e8b465ee728b)  -> (artifact id: 'b6e21d49bd90168bd8507fd7e395dddb') in 0.027633 seconds
Number of updated asset objects reloaded before import = 0
Number of asset objects unloaded after import = 18
========================================================================
Received Import Request.
  Time since last request: 191.151613 seconds.
  path: Assets/Art/Tilemaps/Tiles/Wallpaper.prefab
  artifactKey: Guid(5feccbb0e6864ba469cec34351a3282a) Importer(815301076,1909f56bfc062723c751e8b465ee728b)
Start importing Assets/Art/Tilemaps/Tiles/Wallpaper.prefab using Guid(5feccbb0e6864ba469cec34351a3282a) Importer(815301076,1909f56bfc062723c751e8b465ee728b)  -> (artifact id: '95dc48d8ed526a00a7c4e84d785233c8') in 0.028939 seconds
Number of updated asset objects reloaded before import = 0
Number of asset objects unloaded after import = 29
========================================================================
Received Import Request.
  Time since last request: 0.000010 seconds.
  path: Assets/Art/Tilemaps/Tiles/wallpaper tileset.png
  artifactKey: Guid(e3132a06762bb3448bf75ed1fc24ba50) Importer(815301076,1909f56bfc062723c751e8b465ee728b)
Start importing Assets/Art/Tilemaps/Tiles/wallpaper tileset.png using Guid(e3132a06762bb3448bf75ed1fc24ba50) Importer(815301076,1909f56bfc062723c751e8b465ee728b)  -> (artifact id: 'd8a74bf865396e87ba74cbf664b25caa') in 0.020787 seconds
Number of updated asset objects reloaded before import = 0
Number of asset objects unloaded after import = 11
========================================================================
Received Import Request.
  Time since last request: 2.387130 seconds.
  path: Assets/Art/Tilemaps/Tiles/Furniture/Furniture Set 1_1.asset
  artifactKey: Guid(726c1becc2a3de246a4ab83ab55b8b9d) Importer(815301076,1909f56bfc062723c751e8b465ee728b)
Start importing Assets/Art/Tilemaps/Tiles/Furniture/Furniture Set 1_1.asset using Guid(726c1becc2a3de246a4ab83ab55b8b9d) Importer(815301076,1909f56bfc062723c751e8b465ee728b)  -> (artifact id: '285a4cc5ac715deb6e54af8bbfc3fb92') in 0.005986 seconds
Number of updated asset objects reloaded before import = 0
Number of asset objects unloaded after import = 3
========================================================================
Received Import Request.
  Time since last request: 0.000010 seconds.
  path: Assets/Art/Tilemaps/Tiles/Furniture/Furniture Set 1_10.asset
  artifactKey: Guid(0095ac3bfd275e94eabf5ba8cd3ebe99) Importer(815301076,1909f56bfc062723c751e8b465ee728b)
Start importing Assets/Art/Tilemaps/Tiles/Furniture/Furniture Set 1_10.asset using Guid(0095ac3bfd275e94eabf5ba8cd3ebe99) Importer(815301076,1909f56bfc062723c751e8b465ee728b)  -> (artifact id: '45cbdd44ed6363c3d3bcc87894341f14') in 0.003357 seconds
Number of updated asset objects reloaded before import = 0
Number of asset objects unloaded after import = 3
========================================================================
Received Import Request.
  Time since last request: 0.000010 seconds.
  path: Assets/Art/Tilemaps/Tiles/Furniture/Furniture Set 1_3.asset
  artifactKey: Guid(30bbab8c4fd492642a78727a42cde78b) Importer(815301076,1909f56bfc062723c751e8b465ee728b)
Start importing Assets/Art/Tilemaps/Tiles/Furniture/Furniture Set 1_3.asset using Guid(30bbab8c4fd492642a78727a42cde78b) Importer(815301076,1909f56bfc062723c751e8b465ee728b)  -> (artifact id: '11732d5f10aa5381e15a8799a62b302c') in 0.004453 seconds
Number of updated asset objects reloaded before import = 0
Number of asset objects unloaded after import = 3
========================================================================
Received Import Request.
  Time since last request: 0.000010 seconds.
  path: Assets/Art/Tilemaps/Tiles/Furniture/Furniture Set 1_2.asset
  artifactKey: Guid(b545b4241ae568a47a4ddcf71bf55085) Importer(815301076,1909f56bfc062723c751e8b465ee728b)
Start importing Assets/Art/Tilemaps/Tiles/Furniture/Furniture Set 1_2.asset using Guid(b545b4241ae568a47a4ddcf71bf55085) Importer(815301076,1909f56bfc062723c751e8b465ee728b)  -> (artifact id: 'c1bd8f878e3da7a91c904312ec045ae5') in 0.003817 seconds
Number of updated asset objects reloaded before import = 0
Number of asset objects unloaded after import = 3
========================================================================
Received Import Request.
  Time since last request: 0.000008 seconds.
  path: Assets/Art/Tilemaps/Tiles/Furniture/Furniture Set 1_4.asset
  artifactKey: Guid(1272d293be87a26449d363fc7a567c93) Importer(815301076,1909f56bfc062723c751e8b465ee728b)
Start importing Assets/Art/Tilemaps/Tiles/Furniture/Furniture Set 1_4.asset using Guid(1272d293be87a26449d363fc7a567c93) Importer(815301076,1909f56bfc062723c751e8b465ee728b)  -> (artifact id: '295a959016657def69fe0a9e2d0af290') in 0.003342 seconds
Number of updated asset objects reloaded before import = 0
Number of asset objects unloaded after import = 3
========================================================================
Received Import Request.
  Time since last request: 0.000010 seconds.
  path: Assets/Art/Tilemaps/Tiles/Furniture/Furniture Set 1_8.asset
  artifactKey: Guid(720ae2533087b4c45a867955b7e7a84e) Importer(815301076,1909f56bfc062723c751e8b465ee728b)
Start importing Assets/Art/Tilemaps/Tiles/Furniture/Furniture Set 1_8.asset using Guid(720ae2533087b4c45a867955b7e7a84e) Importer(815301076,1909f56bfc062723c751e8b465ee728b)  -> (artifact id: '26c06ed659c4e1d3e54ef0a6e0e63ae1') in 0.003470 seconds
Number of updated asset objects reloaded before import = 0
Number of asset objects unloaded after import = 3
========================================================================
Received Import Request.
  Time since last request: 0.000009 seconds.
  path: Assets/Art/Tilemaps/Tiles/Furniture/Furniture Set 1_7.asset
  artifactKey: Guid(742db547eb115b444a69eada2541beec) Importer(815301076,1909f56bfc062723c751e8b465ee728b)
Start importing Assets/Art/Tilemaps/Tiles/Furniture/Furniture Set 1_7.asset using Guid(742db547eb115b444a69eada2541beec) Importer(815301076,1909f56bfc062723c751e8b465ee728b)  -> (artifact id: 'e199efefbb40f8224ea07965435c0066') in 0.003085 seconds
Number of updated asset objects reloaded before import = 0
Number of asset objects unloaded after import = 3
========================================================================
Received Import Request.
  Time since last request: 38.324515 seconds.
  path: Assets/Custom Prefab/DialogueUI.prefab
  artifactKey: Guid(e58428c091957934da3adce17ac51639) Importer(815301076,1909f56bfc062723c751e8b465ee728b)
Start importing Assets/Custom Prefab/DialogueUI.prefab using Guid(e58428c091957934da3adce17ac51639) Importer(815301076,1909f56bfc062723c751e8b465ee728b)  -> (artifact id: '59452af26963e54480529248d761c187') in 0.018880 seconds
Number of updated asset objects reloaded before import = 0
Number of asset objects unloaded after import = 58
========================================================================
Received Import Request.
  Time since last request: 0.000009 seconds.
  path: Assets/TextMesh Pro/Examples & Extras/Prefabs/TextMeshPro - Prefab 1.prefab
  artifactKey: Guid(a6e39ced0ea046bcb636c3f0b2e2a745) Importer(815301076,1909f56bfc062723c751e8b465ee728b)
Start importing Assets/TextMesh Pro/Examples & Extras/Prefabs/TextMeshPro - Prefab 1.prefab using Guid(a6e39ced0ea046bcb636c3f0b2e2a745) Importer(815301076,1909f56bfc062723c751e8b465ee728b)  -> (artifact id: 'a7c71dea42b70ee926a48dd3710fc45f') in 0.018289 seconds
Number of updated asset objects reloaded before import = 0
Number of asset objects unloaded after import = 16
========================================================================
Received Import Request.
  Time since last request: 0.000011 seconds.
  path: Assets/TextMesh Pro/Examples & Extras/Prefabs/TextMeshPro - Prefab 2.prefab
  artifactKey: Guid(fdad9d952ae84cafb74c63f2e694d042) Importer(815301076,1909f56bfc062723c751e8b465ee728b)
Start importing Assets/TextMesh Pro/Examples & Extras/Prefabs/TextMeshPro - Prefab 2.prefab using Guid(fdad9d952ae84cafb74c63f2e694d042) Importer(815301076,1909f56bfc062723c751e8b465ee728b)  -> (artifact id: '098b7e4be4f652d75ebeafd086848b56') in 0.015044 seconds
Number of updated asset objects reloaded before import = 0
Number of asset objects unloaded after import = 16
========================================================================
Received Import Request.
  Time since last request: 0.000011 seconds.
  path: Assets/Custom Prefab/florence_float_4_1.prefab
  artifactKey: Guid(9217d992de929e748b044c632b7ab7aa) Importer(815301076,1909f56bfc062723c751e8b465ee728b)
Start importing Assets/Custom Prefab/florence_float_4_1.prefab using Guid(9217d992de929e748b044c632b7ab7aa) Importer(815301076,1909f56bfc062723c751e8b465ee728b)  -> (artifact id: '765acb3a74ba2680372835e8a51b2ff0') in 0.009644 seconds
Number of updated asset objects reloaded before import = 0
Number of asset objects unloaded after import = 17
========================================================================
Received Import Request.
  Time since last request: 29.918626 seconds.
  path: Assets/Art/Tilemaps/Tiles/Interior Floor Shadow/tileset-shadow_2.asset
  artifactKey: Guid(cf7910d9a8e0aa44bbf0474cfb9a13fc) Importer(815301076,1909f56bfc062723c751e8b465ee728b)
Start importing Assets/Art/Tilemaps/Tiles/Interior Floor Shadow/tileset-shadow_2.asset using Guid(cf7910d9a8e0aa44bbf0474cfb9a13fc) Importer(815301076,1909f56bfc062723c751e8b465ee728b)  -> (artifact id: '76ba27ca1a2f633ec0e2076c75eb45dd') in 0.135427 seconds
Number of updated asset objects reloaded before import = 0
Number of asset objects unloaded after import = 3
========================================================================
Received Import Request.
  Time since last request: 0.000010 seconds.
  path: Assets/Art/Tilemaps/Tiles/Interior Floor Shadow/tileset-shadow_11.asset
  artifactKey: Guid(6a570e96dcc42064280d5541b1a90c7a) Importer(815301076,1909f56bfc062723c751e8b465ee728b)
Start importing Assets/Art/Tilemaps/Tiles/Interior Floor Shadow/tileset-shadow_11.asset using Guid(6a570e96dcc42064280d5541b1a90c7a) Importer(815301076,1909f56bfc062723c751e8b465ee728b)  -> (artifact id: '7f9ad8647652b15de4f7a6e2c449febb') in 0.020650 seconds
Number of updated asset objects reloaded before import = 0
Number of asset objects unloaded after import = 3
========================================================================
Received Import Request.
  Time since last request: 0.000019 seconds.
  path: Assets/Art/Tilemaps/Tiles/Interior Floor Shadow/tileset-shadow_13.asset
  artifactKey: Guid(d7bdb29e533e85f41ab996bb6b90664f) Importer(815301076,1909f56bfc062723c751e8b465ee728b)
Start importing Assets/Art/Tilemaps/Tiles/Interior Floor Shadow/tileset-shadow_13.asset using Guid(d7bdb29e533e85f41ab996bb6b90664f) Importer(815301076,1909f56bfc062723c751e8b465ee728b)  -> (artifact id: '67a23bbb8ab9c5535d0fd7a2a1727951') in 0.005842 seconds
Number of updated asset objects reloaded before import = 0
Number of asset objects unloaded after import = 3
========================================================================
Received Import Request.
  Time since last request: 0.000010 seconds.
  path: Assets/Art/Tilemaps/Tiles/Interior Floor Shadow/tileset-shadow_17.asset
  artifactKey: Guid(0516c4f927e35eb44b2ef8b46f177a3b) Importer(815301076,1909f56bfc062723c751e8b465ee728b)
Start importing Assets/Art/Tilemaps/Tiles/Interior Floor Shadow/tileset-shadow_17.asset using Guid(0516c4f927e35eb44b2ef8b46f177a3b) Importer(815301076,1909f56bfc062723c751e8b465ee728b)  -> (artifact id: '3c58f2477df6b977d8a30073b7a222d6') in 0.006017 seconds
Number of updated asset objects reloaded before import = 0
Number of asset objects unloaded after import = 3
========================================================================
Received Import Request.
  Time since last request: 0.000010 seconds.
  path: Assets/Art/Tilemaps/Tiles/Interior Floor Shadow/tileset-shadow_7.asset
  artifactKey: Guid(4578869eeede1944cb9a96529a5d35e3) Importer(815301076,1909f56bfc062723c751e8b465ee728b)
Start importing Assets/Art/Tilemaps/Tiles/Interior Floor Shadow/tileset-shadow_7.asset using Guid(4578869eeede1944cb9a96529a5d35e3) Importer(815301076,1909f56bfc062723c751e8b465ee728b)  -> (artifact id: '1911b6f39d9ef804221a2c4bdebada44') in 0.006241 seconds
Number of updated asset objects reloaded before import = 0
Number of asset objects unloaded after import = 3
========================================================================
Received Import Request.
  Time since last request: 0.790650 seconds.
  path: Assets/Art/Tilemaps/Tiles/Interior Floor/tileset2_2.asset
  artifactKey: Guid(c5fe56098e57bf648b2f1b8939eaafca) Importer(815301076,1909f56bfc062723c751e8b465ee728b)
Start importing Assets/Art/Tilemaps/Tiles/Interior Floor/tileset2_2.asset using Guid(c5fe56098e57bf648b2f1b8939eaafca) Importer(815301076,1909f56bfc062723c751e8b465ee728b)  -> (artifact id: '53d3239dd40704ae8e29f7ca94e278c4') in 0.006158 seconds
Number of updated asset objects reloaded before import = 0
Number of asset objects unloaded after import = 3
========================================================================
Received Import Request.
  Time since last request: 0.000010 seconds.
  path: Assets/Art/Tilemaps/Tiles/Interior Floor/tileset2_13.asset
  artifactKey: Guid(4b2e856fd57dda04481c3a2b4435f584) Importer(815301076,1909f56bfc062723c751e8b465ee728b)
Start importing Assets/Art/Tilemaps/Tiles/Interior Floor/tileset2_13.asset using Guid(4b2e856fd57dda04481c3a2b4435f584) Importer(815301076,1909f56bfc062723c751e8b465ee728b)  -> (artifact id: '47e0aaa4fd10794b0348f78bbebea68f') in 0.005603 seconds
Number of updated asset objects reloaded before import = 0
Number of asset objects unloaded after import = 3
========================================================================
Received Import Request.
  Time since last request: 0.000016 seconds.
  path: Assets/Art/Tilemaps/Tiles/Interior Floor/tileset2_18.asset
  artifactKey: Guid(0b624426883b847469a3dd08df73b498) Importer(815301076,1909f56bfc062723c751e8b465ee728b)
Start importing Assets/Art/Tilemaps/Tiles/Interior Floor/tileset2_18.asset using Guid(0b624426883b847469a3dd08df73b498) Importer(815301076,1909f56bfc062723c751e8b465ee728b)  -> (artifact id: '6e38f356f2e90a19642eb27782bf2cdc') in 0.006230 seconds
Number of updated asset objects reloaded before import = 0
Number of asset objects unloaded after import = 3
========================================================================
Received Import Request.
  Time since last request: 0.000025 seconds.
  path: Assets/Art/Tilemaps/Tiles/Interior Floor/tileset2_17.asset
  artifactKey: Guid(2595a34875177c541b25ff4db99fb41a) Importer(815301076,1909f56bfc062723c751e8b465ee728b)
Start importing Assets/Art/Tilemaps/Tiles/Interior Floor/tileset2_17.asset using Guid(2595a34875177c541b25ff4db99fb41a) Importer(815301076,1909f56bfc062723c751e8b465ee728b)  -> (artifact id: 'eda076789b12ff52530994bfdc97c39b') in 0.005710 seconds
Number of updated asset objects reloaded before import = 0
Number of asset objects unloaded after import = 3
========================================================================
Received Import Request.
  Time since last request: 0.000011 seconds.
  path: Assets/Art/Tilemaps/Tiles/Interior Floor/tileset2_4.asset
  artifactKey: Guid(a2bf7ede09eebfe45890c2e5a6e5efaf) Importer(815301076,1909f56bfc062723c751e8b465ee728b)
Start importing Assets/Art/Tilemaps/Tiles/Interior Floor/tileset2_4.asset using Guid(a2bf7ede09eebfe45890c2e5a6e5efaf) Importer(815301076,1909f56bfc062723c751e8b465ee728b)  -> (artifact id: '004dd0836f43971ef11d4f6148783eea') in 0.006002 seconds
Number of updated asset objects reloaded before import = 0
Number of asset objects unloaded after import = 3
========================================================================
Received Import Request.
  Time since last request: 0.000010 seconds.
  path: Assets/Art/Tilemaps/Tiles/Interior Floor/tileset2_19.asset
  artifactKey: Guid(05ecb8a42767e2c429e5ca25e2c1792b) Importer(815301076,1909f56bfc062723c751e8b465ee728b)
Start importing Assets/Art/Tilemaps/Tiles/Interior Floor/tileset2_19.asset using Guid(05ecb8a42767e2c429e5ca25e2c1792b) Importer(815301076,1909f56bfc062723c751e8b465ee728b)  -> (artifact id: '5ffb3f453d4253ee0cbcfd9af450b226') in 0.004981 seconds
Number of updated asset objects reloaded before import = 0
Number of asset objects unloaded after import = 3
========================================================================
Received Import Request.
  Time since last request: 4.283220 seconds.
  path: Assets/Art/Tilemaps/Tiles/Exterior Bushes and Props/Boiler Room Table and Hedges_2.asset
  artifactKey: Guid(a169b7bca91adf94fbef1b6b9b9b7bec) Importer(815301076,1909f56bfc062723c751e8b465ee728b)
Start importing Assets/Art/Tilemaps/Tiles/Exterior Bushes and Props/Boiler Room Table and Hedges_2.asset using Guid(a169b7bca91adf94fbef1b6b9b9b7bec) Importer(815301076,1909f56bfc062723c751e8b465ee728b)  -> (artifact id: 'd685f31086b3560044a1ffaf67ecd38f') in 0.005032 seconds
Number of updated asset objects reloaded before import = 0
Number of asset objects unloaded after import = 3
========================================================================
Received Import Request.
  Time since last request: 0.000011 seconds.
  path: Assets/Art/Tilemaps/Tiles/Exterior Bushes and Props/Door_2.asset
  artifactKey: Guid(69b3d03c19ba3ca419bc80cb32c3d44b) Importer(815301076,1909f56bfc062723c751e8b465ee728b)
Start importing Assets/Art/Tilemaps/Tiles/Exterior Bushes and Props/Door_2.asset using Guid(69b3d03c19ba3ca419bc80cb32c3d44b) Importer(815301076,1909f56bfc062723c751e8b465ee728b)  -> (artifact id: 'f6a683f159ae04dc9aa64085578e8313') in 0.003585 seconds
Number of updated asset objects reloaded before import = 0
Number of asset objects unloaded after import = 3
========================================================================
Received Import Request.
  Time since last request: 0.630223 seconds.
  path: Assets/Art/Tilemaps/Tiles/Exterior/tileset_outside_2.asset
  artifactKey: Guid(4ea76f4170fd55d45888e16b7015c0aa) Importer(815301076,1909f56bfc062723c751e8b465ee728b)
Start importing Assets/Art/Tilemaps/Tiles/Exterior/tileset_outside_2.asset using Guid(4ea76f4170fd55d45888e16b7015c0aa) Importer(815301076,1909f56bfc062723c751e8b465ee728b)  -> (artifact id: '1a969eafe42fb83855bf39e0232195e4') in 0.006616 seconds
Number of updated asset objects reloaded before import = 0
Number of asset objects unloaded after import = 3
========================================================================
Received Import Request.
  Time since last request: 0.000011 seconds.
  path: Assets/Art/Tilemaps/Tiles/Exterior/tileset_outside_13.asset
  artifactKey: Guid(1fb23167f5712ef4cac2194b0bb58d04) Importer(815301076,1909f56bfc062723c751e8b465ee728b)
Start importing Assets/Art/Tilemaps/Tiles/Exterior/tileset_outside_13.asset using Guid(1fb23167f5712ef4cac2194b0bb58d04) Importer(815301076,1909f56bfc062723c751e8b465ee728b)  -> (artifact id: '0bca22a2f9913b8bf3e99e9ecfad53f8') in 0.006012 seconds
Number of updated asset objects reloaded before import = 0
Number of asset objects unloaded after import = 3
========================================================================
Received Import Request.
  Time since last request: 0.000013 seconds.
  path: Assets/Art/Tilemaps/Tiles/Exterior/tileset_outside_9.asset
  artifactKey: Guid(7c11b0de117d90c4aa781c10c1b0832a) Importer(815301076,1909f56bfc062723c751e8b465ee728b)
Start importing Assets/Art/Tilemaps/Tiles/Exterior/tileset_outside_9.asset using Guid(7c11b0de117d90c4aa781c10c1b0832a) Importer(815301076,1909f56bfc062723c751e8b465ee728b)  -> (artifact id: '3ad9fb765837dc5487f2b7c29da73dd2') in 0.005686 seconds
Number of updated asset objects reloaded before import = 0
Number of asset objects unloaded after import = 3
========================================================================
Received Import Request.
  Time since last request: 0.000017 seconds.
  path: Assets/Art/Tilemaps/Tiles/Exterior/tileset_outside_8.asset
  artifactKey: Guid(433101971588e12428eb5d4761bbb06b) Importer(815301076,1909f56bfc062723c751e8b465ee728b)
Start importing Assets/Art/Tilemaps/Tiles/Exterior/tileset_outside_8.asset using Guid(433101971588e12428eb5d4761bbb06b) Importer(815301076,1909f56bfc062723c751e8b465ee728b)  -> (artifact id: '3ca68c6d22e375038a0960d53534717b') in 0.005453 seconds
Number of updated asset objects reloaded before import = 0
Number of asset objects unloaded after import = 3
Editor requested this worker to shutdown with reason: Scaling down because of idle timeout
TcpMessagingSession - receive error: operation aborted. errorcode: 995, details: The I/O operation has been aborted because of either a thread exit or an application request.
AssetImportWorker is now disconnected from the server
Process exiting
Exiting without the bug reporter. Application will terminate with return code 0